\BOOKMARK [0][-]{chapter.1}{Introducci\363n}{}% 1
\BOOKMARK [1][-]{section.1.1}{Tecnolog\355as de desarrollo web}{chapter.1}% 2
\BOOKMARK [2][-]{subsection.1.1.1}{Introducci\363n}{section.1.1}% 3
\BOOKMARK [2][-]{subsection.1.1.2}{Arquitectura de una aplicaci\363n web}{section.1.1}% 4
\BOOKMARK [2][-]{subsection.1.1.3}{Tecnolog\355as del lado del cliente}{section.1.1}% 5
\BOOKMARK [2][-]{subsection.1.1.4}{Tecnolog\355as del lado del servidor}{section.1.1}% 6
\BOOKMARK [1][-]{section.1.2}{Robotica}{chapter.1}% 7
\BOOKMARK [2][-]{subsection.1.2.1}{Introducci\363n}{section.1.2}% 8
\BOOKMARK [2][-]{subsection.1.2.2}{Softwares para el desarrollo de componentes rob\363ticos}{section.1.2}% 9
\BOOKMARK [3][-]{subsubsection.1.2.2.1}{Middleware}{subsection.1.2.2}% 10
\BOOKMARK [3][-]{subsubsection.1.2.2.2}{Bibliotecas}{subsection.1.2.2}% 11
\BOOKMARK [3][-]{subsubsection.1.2.2.3}{Simuladores}{subsection.1.2.2}% 12
\BOOKMARK [1][-]{section.1.3}{Tecnolog\355as web en rob\363tica}{chapter.1}% 13
\BOOKMARK [2][-]{subsection.1.3.1}{Introducci\363n}{section.1.3}% 14
\BOOKMARK [2][-]{subsection.1.3.2}{Trabajos Previos}{section.1.3}% 15
\BOOKMARK [3][-]{subsubsection.1.3.2.1}{CameraViewjs}{subsection.1.3.2}% 16
\BOOKMARK [3][-]{subsubsection.1.3.2.2}{KobukiViewerjs}{subsection.1.3.2}% 17
\BOOKMARK [3][-]{subsubsection.1.3.2.3}{UavViewerjs}{subsection.1.3.2}% 18
\BOOKMARK [0][-]{chapter.2}{Objetivos}{}% 19
\BOOKMARK [1][-]{section.2.1}{Objetivos}{chapter.2}% 20
\BOOKMARK [1][-]{section.2.2}{Requisitos}{chapter.2}% 21
\BOOKMARK [1][-]{section.2.3}{Metodolog\355a}{chapter.2}% 22
\BOOKMARK [1][-]{section.2.4}{Plan de Trabajo}{chapter.2}% 23
\BOOKMARK [0][-]{chapter.3}{Infraestructura}{}% 24
\BOOKMARK [1][-]{section.3.1}{El framework Electron}{chapter.3}% 25
\BOOKMARK [1][-]{section.3.2}{El entorno ROS}{chapter.3}% 26
\BOOKMARK [2][-]{subsection.3.2.1}{Robot Web Tools}{section.3.2}% 27
\BOOKMARK [1][-]{section.3.3}{El entorno ICE}{chapter.3}% 28
\BOOKMARK [1][-]{section.3.4}{La plataforma JdeRobot}{chapter.3}% 29
\BOOKMARK [0][-]{chapter.4}{Visores web modificados para ser usados con Electron}{}% 30
\BOOKMARK [0][-]{chapter.5}{Servidor web de im\341genes mediante ROS }{}% 31
\BOOKMARK [0][-]{chapter.6}{Conclusiones}{}% 32
