This is pdfTeX, Version 3.14159265-2.6-1.40.19 (TeX Live 2018) (preloaded format=pdflatex 2018.5.28)  23 SEP 2018 23:32
entering extended mode
 restricted \write18 enabled.
 file:line:error style messages enabled.
 %&-line parsing enabled.
**Memoria.tex
(./Memoria.tex
LaTeX2e <2018-04-01> patch level 2
Babel <3.18> and hyphenation patterns for 84 language(s) loaded.
(/usr/local/texlive/2018/texmf-dist/tex/latex/base/report.cls
Document Class: report 2014/09/29 v1.4h Standard LaTeX document class
(/usr/local/texlive/2018/texmf-dist/tex/latex/base/size12.clo
File: size12.clo 2014/09/29 v1.4h Standard LaTeX file (size option)
)
\c@part=\count80
\c@chapter=\count81
\c@section=\count82
\c@subsection=\count83
\c@subsubsection=\count84
\c@paragraph=\count85
\c@subparagraph=\count86
\c@figure=\count87
\c@table=\count88
\abovecaptionskip=\skip41
\belowcaptionskip=\skip42
\bibindent=\dimen102
)
(/usr/local/texlive/2018/texmf-dist/tex/latex/base/fontenc.sty
Package: fontenc 2017/04/05 v2.0i Standard LaTeX package

(/usr/local/texlive/2018/texmf-dist/tex/latex/base/t1enc.def
File: t1enc.def 2017/04/05 v2.0i Standard LaTeX file
LaTeX Font Info:    Redeclaring font encoding T1 on input line 48.
))
(/usr/local/texlive/2018/texmf-dist/tex/latex/base/inputenc.sty
Package: inputenc 2018/04/06 v1.3b Input encoding file
\inpenc@prehook=\toks14
\inpenc@posthook=\toks15
)
(/usr/local/texlive/2018/texmf-dist/tex/latex/lm/lmodern.sty
Package: lmodern 2009/10/30 v1.6 Latin Modern Fonts
LaTeX Font Info:    Overwriting symbol font `operators' in version `normal'
(Font)                  OT1/cmr/m/n --> OT1/lmr/m/n on input line 22.
LaTeX Font Info:    Overwriting symbol font `letters' in version `normal'
(Font)                  OML/cmm/m/it --> OML/lmm/m/it on input line 23.
LaTeX Font Info:    Overwriting symbol font `symbols' in version `normal'
(Font)                  OMS/cmsy/m/n --> OMS/lmsy/m/n on input line 24.
LaTeX Font Info:    Overwriting symbol font `largesymbols' in version `normal'
(Font)                  OMX/cmex/m/n --> OMX/lmex/m/n on input line 25.
LaTeX Font Info:    Overwriting symbol font `operators' in version `bold'
(Font)                  OT1/cmr/bx/n --> OT1/lmr/bx/n on input line 26.
LaTeX Font Info:    Overwriting symbol font `letters' in version `bold'
(Font)                  OML/cmm/b/it --> OML/lmm/b/it on input line 27.
LaTeX Font Info:    Overwriting symbol font `symbols' in version `bold'
(Font)                  OMS/cmsy/b/n --> OMS/lmsy/b/n on input line 28.
LaTeX Font Info:    Overwriting symbol font `largesymbols' in version `bold'
(Font)                  OMX/cmex/m/n --> OMX/lmex/m/n on input line 29.
LaTeX Font Info:    Overwriting math alphabet `\mathbf' in version `normal'
(Font)                  OT1/cmr/bx/n --> OT1/lmr/bx/n on input line 31.
LaTeX Font Info:    Overwriting math alphabet `\mathsf' in version `normal'
(Font)                  OT1/cmss/m/n --> OT1/lmss/m/n on input line 32.
LaTeX Font Info:    Overwriting math alphabet `\mathit' in version `normal'
(Font)                  OT1/cmr/m/it --> OT1/lmr/m/it on input line 33.
LaTeX Font Info:    Overwriting math alphabet `\mathtt' in version `normal'
(Font)                  OT1/cmtt/m/n --> OT1/lmtt/m/n on input line 34.
LaTeX Font Info:    Overwriting math alphabet `\mathbf' in version `bold'
(Font)                  OT1/cmr/bx/n --> OT1/lmr/bx/n on input line 35.
LaTeX Font Info:    Overwriting math alphabet `\mathsf' in version `bold'
(Font)                  OT1/cmss/bx/n --> OT1/lmss/bx/n on input line 36.
LaTeX Font Info:    Overwriting math alphabet `\mathit' in version `bold'
(Font)                  OT1/cmr/bx/it --> OT1/lmr/bx/it on input line 37.
LaTeX Font Info:    Overwriting math alphabet `\mathtt' in version `bold'
(Font)                  OT1/cmtt/m/n --> OT1/lmtt/m/n on input line 38.
)
(/usr/local/texlive/2018/texmf-dist/tex/latex/tools/layout.sty
Package: layout 2014/10/28 v1.2c Show layout parameters
\oneinch=\count89
\cnt@paperwidth=\count90
\cnt@paperheight=\count91
\cnt@hoffset=\count92
\cnt@voffset=\count93
\cnt@textheight=\count94
\cnt@textwidth=\count95
\cnt@topmargin=\count96
\cnt@oddsidemargin=\count97
\cnt@evensidemargin=\count98
\cnt@headheight=\count99
\cnt@headsep=\count100
\cnt@marginparsep=\count101
\cnt@marginparwidth=\count102
\cnt@marginparpush=\count103
\cnt@footskip=\count104
\fheight=\count105
\ref@top=\count106
\ref@hoffset=\count107
\ref@voffset=\count108
\ref@head=\count109
\ref@body=\count110
\ref@foot=\count111
\ref@margin=\count112
\ref@marginwidth=\count113
\ref@marginpar=\count114
\Interval=\count115
\ExtraYPos=\count116
\PositionX=\count117
\PositionY=\count118
\ArrowLength=\count119
)
(/usr/local/texlive/2018/texmf-dist/tex/latex/emptypage/emptypage.sty
Package: emptypage 2010/05/30 v1.2 Suppress page numbers and headings on empty 
pages
)
(/usr/local/texlive/2018/texmf-dist/tex/latex/fancyhdr/fancyhdr.sty
Package: fancyhdr 2017/06/30 v3.9a Extensive control of page headers and footer
s
\f@nch@headwidth=\skip43
\f@nch@O@elh=\skip44
\f@nch@O@erh=\skip45
\f@nch@O@olh=\skip46
\f@nch@O@orh=\skip47
\f@nch@O@elf=\skip48
\f@nch@O@erf=\skip49
\f@nch@O@olf=\skip50
\f@nch@O@orf=\skip51
)
(/usr/local/texlive/2018/texmf-dist/tex/generic/babel/babel.sty
Package: babel 2018/02/14 3.18 The Babel package

(/usr/local/texlive/2018/texmf-dist/tex/generic/babel/switch.def
File: switch.def 2018/02/14 3.18 Babel switching mechanism
)
(/usr/local/texlive/2018/texmf-dist/tex/generic/babel-spanish/spanish.ldf
Language: spanish.ldf 2016/03/03 v5.0p Spanish support from the babel system

(/usr/local/texlive/2018/texmf-dist/tex/generic/babel/babel.def
File: babel.def 2018/02/14 3.18 Babel common definitions
\babel@savecnt=\count120
\U@D=\dimen103

(/usr/local/texlive/2018/texmf-dist/tex/generic/babel/txtbabel.def)
\bbl@dirlevel=\count121
)
\es@quottoks=\toks16
\es@quotdepth=\count122
Package babel Info: Making " an active character on input line 561.
Package babel Info: Making . an active character on input line 662.
Package babel Info: Making < an active character on input line 707.
Package babel Info: Making > an active character on input line 707.
Package babel Info: Making ' an active character on input line 725.
))
(/usr/local/texlive/2018/texmf-dist/tex/latex/subfigure/subfigure.sty
Package: subfigure 2002/03/15 v2.1.5 subfigure package
\subfigtopskip=\skip52
\subfigcapskip=\skip53
\subfigcaptopadj=\dimen104
\subfigbottomskip=\skip54
\subfigcapmargin=\dimen105
\subfiglabelskip=\skip55
\c@subfigure=\count123
\c@lofdepth=\count124
\c@subtable=\count125
\c@lotdepth=\count126

****************************************
* Local config file subfigure.cfg used *
****************************************
(/usr/local/texlive/2018/texmf-dist/tex/latex/subfigure/subfigure.cfg)
\subfig@top=\skip56
\subfig@bottom=\skip57
)
(/usr/local/texlive/2018/texmf-dist/tex/latex/caption/caption.sty
Package: caption 2016/02/21 v3.3-144 Customizing captions (AR)

(/usr/local/texlive/2018/texmf-dist/tex/latex/caption/caption3.sty
Package: caption3 2016/05/22 v1.7-166 caption3 kernel (AR)
Package caption3 Info: TeX engine: e-TeX on input line 67.

(/usr/local/texlive/2018/texmf-dist/tex/latex/graphics/keyval.sty
Package: keyval 2014/10/28 v1.15 key=value parser (DPC)
\KV@toks@=\toks17
)
\captionmargin=\dimen106
\captionmargin@=\dimen107
\captionwidth=\dimen108
\caption@tempdima=\dimen109
\caption@indent=\dimen110
\caption@parindent=\dimen111
\caption@hangindent=\dimen112
)
\c@ContinuedFloat=\count127
Package caption Info: subfigure package is loaded.
)
(/usr/local/texlive/2018/texmf-dist/tex/latex/mathtools/mathtools.sty
Package: mathtools 2018/01/08 v1.21 mathematical typesetting tools

(/usr/local/texlive/2018/texmf-dist/tex/latex/tools/calc.sty
Package: calc 2017/05/25 v4.3 Infix arithmetic (KKT,FJ)
\calc@Acount=\count128
\calc@Bcount=\count129
\calc@Adimen=\dimen113
\calc@Bdimen=\dimen114
\calc@Askip=\skip58
\calc@Bskip=\skip59
LaTeX Info: Redefining \setlength on input line 80.
LaTeX Info: Redefining \addtolength on input line 81.
\calc@Ccount=\count130
\calc@Cskip=\skip60
)
(/usr/local/texlive/2018/texmf-dist/tex/latex/mathtools/mhsetup.sty
Package: mhsetup 2017/03/31 v1.3 programming setup (MH)
)
(/usr/local/texlive/2018/texmf-dist/tex/latex/amsmath/amsmath.sty
Package: amsmath 2017/09/02 v2.17a AMS math features
\@mathmargin=\skip61

For additional information on amsmath, use the `?' option.
(/usr/local/texlive/2018/texmf-dist/tex/latex/amsmath/amstext.sty
Package: amstext 2000/06/29 v2.01 AMS text

(/usr/local/texlive/2018/texmf-dist/tex/latex/amsmath/amsgen.sty
File: amsgen.sty 1999/11/30 v2.0 generic functions
\@emptytoks=\toks18
\ex@=\dimen115
))
(/usr/local/texlive/2018/texmf-dist/tex/latex/amsmath/amsbsy.sty
Package: amsbsy 1999/11/29 v1.2d Bold Symbols
\pmbraise@=\dimen116
)
(/usr/local/texlive/2018/texmf-dist/tex/latex/amsmath/amsopn.sty
Package: amsopn 2016/03/08 v2.02 operator names
)
\inf@bad=\count131
LaTeX Info: Redefining \frac on input line 213.
\uproot@=\count132
\leftroot@=\count133
LaTeX Info: Redefining \overline on input line 375.
\classnum@=\count134
\DOTSCASE@=\count135
LaTeX Info: Redefining \ldots on input line 472.
LaTeX Info: Redefining \dots on input line 475.
LaTeX Info: Redefining \cdots on input line 596.
\Mathstrutbox@=\box26
\strutbox@=\box27
\big@size=\dimen117
LaTeX Font Info:    Redeclaring font encoding OML on input line 712.
LaTeX Font Info:    Redeclaring font encoding OMS on input line 713.
\macc@depth=\count136
\c@MaxMatrixCols=\count137
\dotsspace@=\muskip10
\c@parentequation=\count138
\dspbrk@lvl=\count139
\tag@help=\toks19
\row@=\count140
\column@=\count141
\maxfields@=\count142
\andhelp@=\toks20
\eqnshift@=\dimen118
\alignsep@=\dimen119
\tagshift@=\dimen120
\tagwidth@=\dimen121
\totwidth@=\dimen122
\lineht@=\dimen123
\@envbody=\toks21
\multlinegap=\skip62
\multlinetaggap=\skip63
\mathdisplay@stack=\toks22
LaTeX Info: Redefining \[ on input line 2817.
LaTeX Info: Redefining \] on input line 2818.
)
LaTeX Info: Thecontrolsequence`\('isalreadyrobust on input line 129.
LaTeX Info: Thecontrolsequence`\)'isalreadyrobust on input line 129.
LaTeX Info: Thecontrolsequence`\['isalreadyrobust on input line 129.
LaTeX Info: Thecontrolsequence`\]'isalreadyrobust on input line 129.
\g_MT_multlinerow_int=\count143
\l_MT_multwidth_dim=\dimen124
\origjot=\skip64
\l_MT_shortvdotswithinadjustabove_dim=\dimen125
\l_MT_shortvdotswithinadjustbelow_dim=\dimen126
\l_MT_above_intertext_sep=\dimen127
\l_MT_below_intertext_sep=\dimen128
\l_MT_above_shortintertext_sep=\dimen129
\l_MT_below_shortintertext_sep=\dimen130
)
(/usr/local/texlive/2018/texmf-dist/tex/latex/hyperref/hyperref.sty
Package: hyperref 2018/02/06 v6.86b Hypertext links for LaTeX

(/usr/local/texlive/2018/texmf-dist/tex/generic/oberdiek/hobsub-hyperref.sty
Package: hobsub-hyperref 2016/05/16 v1.14 Bundle oberdiek, subset hyperref (HO)


(/usr/local/texlive/2018/texmf-dist/tex/generic/oberdiek/hobsub-generic.sty
Package: hobsub-generic 2016/05/16 v1.14 Bundle oberdiek, subset generic (HO)
Package: hobsub 2016/05/16 v1.14 Construct package bundles (HO)
Package: infwarerr 2016/05/16 v1.4 Providing info/warning/error messages (HO)
Package: ltxcmds 2016/05/16 v1.23 LaTeX kernel commands for general use (HO)
Package: ifluatex 2016/05/16 v1.4 Provides the ifluatex switch (HO)
Package ifluatex Info: LuaTeX not detected.
Package: ifvtex 2016/05/16 v1.6 Detect VTeX and its facilities (HO)
Package ifvtex Info: VTeX not detected.
Package: intcalc 2016/05/16 v1.2 Expandable calculations with integers (HO)
Package: ifpdf 2017/03/15 v3.2 Provides the ifpdf switch
Package: etexcmds 2016/05/16 v1.6 Avoid name clashes with e-TeX commands (HO)
Package etexcmds Info: Could not find \expanded.
(etexcmds)             That can mean that you are not using pdfTeX 1.50 or
(etexcmds)             that some package has redefined \expanded.
(etexcmds)             In the latter case, load this package earlier.
Package: kvsetkeys 2016/05/16 v1.17 Key value parser (HO)
Package: kvdefinekeys 2016/05/16 v1.4 Define keys (HO)
Package: pdftexcmds 2018/01/30 v0.27 Utility functions of pdfTeX for LuaTeX (HO
)
Package pdftexcmds Info: LuaTeX not detected.
Package pdftexcmds Info: \pdf@primitive is available.
Package pdftexcmds Info: \pdf@ifprimitive is available.
Package pdftexcmds Info: \pdfdraftmode found.
Package: pdfescape 2016/05/16 v1.14 Implements pdfTeX's escape features (HO)
Package: bigintcalc 2016/05/16 v1.4 Expandable calculations on big integers (HO
)
Package: bitset 2016/05/16 v1.2 Handle bit-vector datatype (HO)
Package: uniquecounter 2016/05/16 v1.3 Provide unlimited unique counter (HO)
)
Package hobsub Info: Skipping package `hobsub' (already loaded).
Package: letltxmacro 2016/05/16 v1.5 Let assignment for LaTeX macros (HO)
Package: hopatch 2016/05/16 v1.3 Wrapper for package hooks (HO)
Package: xcolor-patch 2016/05/16 xcolor patch
Package: atveryend 2016/05/16 v1.9 Hooks at the very end of document (HO)
Package atveryend Info: \enddocument detected (standard20110627).
Package: atbegshi 2016/06/09 v1.18 At begin shipout hook (HO)
Package: refcount 2016/05/16 v3.5 Data extraction from label references (HO)
Package: hycolor 2016/05/16 v1.8 Color options for hyperref/bookmark (HO)
)
(/usr/local/texlive/2018/texmf-dist/tex/generic/ifxetex/ifxetex.sty
Package: ifxetex 2010/09/12 v0.6 Provides ifxetex conditional
)
(/usr/local/texlive/2018/texmf-dist/tex/latex/oberdiek/auxhook.sty
Package: auxhook 2016/05/16 v1.4 Hooks for auxiliary files (HO)
)
(/usr/local/texlive/2018/texmf-dist/tex/latex/oberdiek/kvoptions.sty
Package: kvoptions 2016/05/16 v3.12 Key value format for package options (HO)
)
\@linkdim=\dimen131
\Hy@linkcounter=\count144
\Hy@pagecounter=\count145

(/usr/local/texlive/2018/texmf-dist/tex/latex/hyperref/pd1enc.def
File: pd1enc.def 2018/02/06 v6.86b Hyperref: PDFDocEncoding definition (HO)
Now handling font encoding PD1 ...
... no UTF-8 mapping file for font encoding PD1
)
\Hy@SavedSpaceFactor=\count146

(/usr/local/texlive/2018/texmf-dist/tex/latex/latexconfig/hyperref.cfg
File: hyperref.cfg 2002/06/06 v1.2 hyperref configuration of TeXLive
)
Package hyperref Info: Hyper figures OFF on input line 4509.
Package hyperref Info: Link nesting OFF on input line 4514.
Package hyperref Info: Hyper index ON on input line 4517.
Package hyperref Info: Plain pages OFF on input line 4524.
Package hyperref Info: Backreferencing OFF on input line 4529.
Package hyperref Info: Implicit mode ON; LaTeX internals redefined.
Package hyperref Info: Bookmarks ON on input line 4762.
\c@Hy@tempcnt=\count147

(/usr/local/texlive/2018/texmf-dist/tex/latex/url/url.sty
\Urlmuskip=\muskip11
Package: url 2013/09/16  ver 3.4  Verb mode for urls, etc.
)
LaTeX Info: Redefining \url on input line 5115.
\XeTeXLinkMargin=\dimen132
\Fld@menulength=\count148
\Field@Width=\dimen133
\Fld@charsize=\dimen134
Package hyperref Info: Hyper figures OFF on input line 6369.
Package hyperref Info: Link nesting OFF on input line 6374.
Package hyperref Info: Hyper index ON on input line 6377.
Package hyperref Info: backreferencing OFF on input line 6384.
Package hyperref Info: Link coloring OFF on input line 6389.
Package hyperref Info: Link coloring with OCG OFF on input line 6394.
Package hyperref Info: PDF/A mode OFF on input line 6399.
LaTeX Info: Redefining \ref on input line 6439.
LaTeX Info: Redefining \pageref on input line 6443.
\Hy@abspage=\count149
\c@Item=\count150
\c@Hfootnote=\count151
)
Package hyperref Info: Driver (autodetected): hpdftex.

(/usr/local/texlive/2018/texmf-dist/tex/latex/hyperref/hpdftex.def
File: hpdftex.def 2018/02/06 v6.86b Hyperref driver for pdfTeX
\Fld@listcount=\count152
\c@bookmark@seq@number=\count153

(/usr/local/texlive/2018/texmf-dist/tex/latex/oberdiek/rerunfilecheck.sty
Package: rerunfilecheck 2016/05/16 v1.8 Rerun checks for auxiliary files (HO)
Package uniquecounter Info: New unique counter `rerunfilecheck' on input line 2
82.
)
\Hy@SectionHShift=\skip65
)
(/usr/local/texlive/2018/texmf-dist/tex/latex/geometry/geometry.sty
Package: geometry 2018/03/24 v5.7 Page Geometry
\Gm@cnth=\count154
\Gm@cntv=\count155
\c@Gm@tempcnt=\count156
\Gm@bindingoffset=\dimen135
\Gm@wd@mp=\dimen136
\Gm@odd@mp=\dimen137
\Gm@even@mp=\dimen138
\Gm@layoutwidth=\dimen139
\Gm@layoutheight=\dimen140
\Gm@layouthoffset=\dimen141
\Gm@layoutvoffset=\dimen142
\Gm@dimlist=\toks23
)
(/usr/local/texlive/2018/texmf-dist/tex/latex/listings/listings.sty
\lst@mode=\count157
\lst@gtempboxa=\box28
\lst@token=\toks24
\lst@length=\count158
\lst@currlwidth=\dimen143
\lst@column=\count159
\lst@pos=\count160
\lst@lostspace=\dimen144
\lst@width=\dimen145
\lst@newlines=\count161
\lst@lineno=\count162
\lst@maxwidth=\dimen146

(/usr/local/texlive/2018/texmf-dist/tex/latex/listings/lstmisc.sty
File: lstmisc.sty 2015/06/04 1.6 (Carsten Heinz)
\c@lstnumber=\count163
\lst@skipnumbers=\count164
\lst@framebox=\box29
)
(/usr/local/texlive/2018/texmf-dist/tex/latex/listings/listings.cfg
File: listings.cfg 2015/06/04 1.6 listings configuration
))
Package: listings 2015/06/04 1.6 (Carsten Heinz)

(/usr/local/texlive/2018/texmf-dist/tex/latex/float/float.sty
Package: float 2001/11/08 v1.3d Float enhancements (AL)
\c@float@type=\count165
\float@exts=\toks25
\float@box=\box30
\@float@everytoks=\toks26
\@floatcapt=\box31
)
(/usr/local/texlive/2018/texmf-dist/tex/latex/multirow/multirow.sty
Package: multirow 2016/11/25 v2.2 Span multiple rows of a table
\multirow@colwidth=\skip66
\multirow@cntb=\count166
\multirow@dima=\skip67
\bigstrutjot=\dimen147
)
(/usr/local/texlive/2018/texmf-dist/tex/latex/graphics/rotating.sty
Package: rotating 2016/08/11 v2.16d rotated objects in LaTeX

(/usr/local/texlive/2018/texmf-dist/tex/latex/graphics/graphicx.sty
Package: graphicx 2017/06/01 v1.1a Enhanced LaTeX Graphics (DPC,SPQR)

(/usr/local/texlive/2018/texmf-dist/tex/latex/graphics/graphics.sty
Package: graphics 2017/06/25 v1.2c Standard LaTeX Graphics (DPC,SPQR)

(/usr/local/texlive/2018/texmf-dist/tex/latex/graphics/trig.sty
Package: trig 2016/01/03 v1.10 sin cos tan (DPC)
)
(/usr/local/texlive/2018/texmf-dist/tex/latex/graphics-cfg/graphics.cfg
File: graphics.cfg 2016/06/04 v1.11 sample graphics configuration
)
Package graphics Info: Driver file: pdftex.def on input line 99.

(/usr/local/texlive/2018/texmf-dist/tex/latex/graphics-def/pdftex.def
File: pdftex.def 2018/01/08 v1.0l Graphics/color driver for pdftex
))
\Gin@req@height=\dimen148
\Gin@req@width=\dimen149
)
(/usr/local/texlive/2018/texmf-dist/tex/latex/base/ifthen.sty
Package: ifthen 2014/09/29 v1.1c Standard LaTeX ifthen package (DPC)
)
\c@r@tfl@t=\count167
\rotFPtop=\skip68
\rotFPbot=\skip69
\rot@float@box=\box32
\rot@mess@toks=\toks27
)
(/usr/local/texlive/2018/texmf-dist/tex/latex/graphics/color.sty
Package: color 2016/07/10 v1.1e Standard LaTeX Color (DPC)

(/usr/local/texlive/2018/texmf-dist/tex/latex/graphics-cfg/color.cfg
File: color.cfg 2016/01/02 v1.6 sample color configuration
)
Package color Info: Driver file: pdftex.def on input line 147.
)
(/usr/local/texlive/2018/texmf-dist/tex/latex/colortbl/colortbl.sty
Package: colortbl 2012/02/13 v1.0a Color table columns (DPC)

(/usr/local/texlive/2018/texmf-dist/tex/latex/tools/array.sty
Package: array 2018/04/07 v2.4g Tabular extension package (FMi)
\col@sep=\dimen150
\ar@mcellbox=\box33
\extrarowheight=\dimen151
\NC@list=\toks28
\extratabsurround=\skip70
\backup@length=\skip71
\ar@cellbox=\box34
)
\everycr=\toks29
\minrowclearance=\skip72
)
(/usr/local/texlive/2018/texmf-dist/tex/latex/xcolor/xcolor.sty
Package: xcolor 2016/05/11 v2.12 LaTeX color extensions (UK)

(/usr/local/texlive/2018/texmf-dist/tex/latex/graphics-cfg/color.cfg
File: color.cfg 2016/01/02 v1.6 sample color configuration
)
Package xcolor Info: Driver file: pdftex.def on input line 225.
LaTeX Info: Redefining \color on input line 709.
\rownum=\count168
Package xcolor Info: Model `cmy' substituted by `cmy0' on input line 1348.
Package xcolor Info: Model `hsb' substituted by `rgb' on input line 1352.
Package xcolor Info: Model `RGB' extended on input line 1364.
Package xcolor Info: Model `HTML' substituted by `rgb' on input line 1366.
Package xcolor Info: Model `Hsb' substituted by `hsb' on input line 1367.
Package xcolor Info: Model `tHsb' substituted by `hsb' on input line 1368.
Package xcolor Info: Model `HSB' substituted by `hsb' on input line 1369.
Package xcolor Info: Model `Gray' substituted by `gray' on input line 1370.
Package xcolor Info: Model `wave' substituted by `hsb' on input line 1371.
)
(/usr/local/texlive/2018/texmf-dist/tex/latex/tools/enumerate.sty
Package: enumerate 2015/07/23 v3.00 enumerate extensions (DPC)
\@enLab=\toks30
)
(/usr/local/texlive/2018/texmf-dist/tex/latex/enumitem/enumitem.sty
Package: enumitem 2011/09/28 v3.5.2 Customized lists
\labelindent=\skip73
\enit@outerparindent=\dimen152
\enit@toks=\toks31
\enit@inbox=\box35
\enitdp@description=\count169
)
(/usr/local/texlive/2018/texmf-dist/tex/latex/tools/multicol.sty
Package: multicol 2018/04/01 v1.8r multicolumn formatting (FMi)
\c@tracingmulticols=\count170
\mult@box=\box36
\multicol@leftmargin=\dimen153
\c@unbalance=\count171
\c@collectmore=\count172
\doublecol@number=\count173
\multicoltolerance=\count174
\multicolpretolerance=\count175
\full@width=\dimen154
\page@free=\dimen155
\premulticols=\dimen156
\postmulticols=\dimen157
\multicolsep=\skip74
\multicolbaselineskip=\skip75
\partial@page=\box37
\last@line=\box38
\maxbalancingoverflow=\dimen158
\mult@rightbox=\box39
\mult@grightbox=\box40
\mult@gfirstbox=\box41
\mult@firstbox=\box42
\@tempa=\box43
\@tempa=\box44
\@tempa=\box45
\@tempa=\box46
\@tempa=\box47
\@tempa=\box48
\@tempa=\box49
\@tempa=\box50
\@tempa=\box51
\@tempa=\box52
\@tempa=\box53
\@tempa=\box54
\@tempa=\box55
\@tempa=\box56
\@tempa=\box57
\@tempa=\box58
\@tempa=\box59
\c@columnbadness=\count176
\c@finalcolumnbadness=\count177
\last@try=\dimen159
\multicolovershoot=\dimen160
\multicolundershoot=\dimen161
\mult@nat@firstbox=\box60
\colbreak@box=\box61
\mc@col@check@num=\count178
)
(/usr/local/texlive/2018/texmf-dist/tex/latex/mwe/mwe.sty
Package: mwe 2018/03/30 v0.5 Package to support minimal working examples (MWE)

(/usr/local/texlive/2018/texmf-dist/tex/latex/lipsum/lipsum.sty
Package: lipsum 2014/07/27 v1.3 150 paragraphs of Lorem Ipsum dummy text
\c@lips@count=\count179
)
(/usr/local/texlive/2018/texmf-dist/tex/latex/blindtext/blindtext.sty
Package: blindtext 2012/01/06 V2.0 blindtext-Package

(/usr/local/texlive/2018/texmf-dist/tex/latex/tools/xspace.sty
Package: xspace 2014/10/28 v1.13 Space after command names (DPC,MH)
)
\c@blindtext=\count180
\c@Blindtext=\count181
\c@blind@countparstart=\count182
\blind@countxx=\count183
\blindtext@numBlindtext=\count184
\blind@countyy=\count185
\c@blindlist=\count186
\c@blindlistlevel=\count187
\c@blindlist@level=\count188
\blind@listitem=\count189
\c@blind@listcount=\count190
\c@blind@levelcount=\count191
\blind@mathformula=\count192
\blind@Mathformula=\count193
\c@blind@randomcount=\count194
\c@blind@randommax=\count195
\c@blind@pangramcount=\count196
\c@blind@pangrammax=\count197
))
(/usr/local/texlive/2018/texmf-dist/tex/latex/glossaries/base/glossaries.sty
Package: glossaries 2018/04/07 v4.37 (NLCT)

(/usr/local/texlive/2018/texmf-dist/tex/latex/xkeyval/xkeyval.sty
Package: xkeyval 2014/12/03 v2.7a package option processing (HA)

(/usr/local/texlive/2018/texmf-dist/tex/generic/xkeyval/xkeyval.tex
(/usr/local/texlive/2018/texmf-dist/tex/generic/xkeyval/xkvutils.tex
\XKV@toks=\toks32
\XKV@tempa@toks=\toks33
)
\XKV@depth=\count198
File: xkeyval.tex 2014/12/03 v2.7a key=value parser (HA)
))
(/usr/local/texlive/2018/texmf-dist/tex/latex/mfirstuc/mfirstuc.sty
Package: mfirstuc 2017/11/14 v2.06 (NLCT)

(/usr/local/texlive/2018/texmf-dist/tex/latex/etoolbox/etoolbox.sty
Package: etoolbox 2018/02/11 v2.5e e-TeX tools for LaTeX (JAW)
\etb@tempcnta=\count199
)
\@glsmfirst=\toks34
\@glsmrest=\toks35
)
(/usr/local/texlive/2018/texmf-dist/tex/latex/textcase/textcase.sty
Package: textcase 2004/10/07 v0.07 Text only upper/lower case changing (DPC)
)
(/usr/local/texlive/2018/texmf-dist/tex/latex/xfor/xfor.sty
Package: xfor 2009/02/05 v1.05 (NLCT)
)
(/usr/local/texlive/2018/texmf-dist/tex/latex/datatool/datatool-base.sty
Package: datatool-base 2017/11/12 v2.29 (NLCT)

(/usr/local/texlive/2018/texmf-dist/tex/latex/substr/substr.sty
Package: substr 2009/10/20 v1.2 Handle substrings
\c@su@anzahl=\count266
)
(/usr/local/texlive/2018/texmf-dist/tex/latex/datatool/datatool-fp.sty
Package: datatool-fp 2017/11/12 v2.29 (NLCT)

(/usr/local/texlive/2018/texmf-dist/tex/latex/fp/fp.sty
Package: fp 1995/04/02

`Fixed Point Package', Version 0.8, April 2, 1995 (C) Michael Mehlich
(/usr/local/texlive/2018/texmf-dist/tex/latex/fp/defpattern.sty
Package: defpattern 1994/10/12
\actioncount=\count267
)
(/usr/local/texlive/2018/texmf-dist/tex/latex/fp/fp-basic.sty
Package: fp-basic 1996/05/13
\FP@xs=\count268
\FP@xia=\count269
\FP@xib=\count270
\FP@xfa=\count271
\FP@xfb=\count272
\FP@rega=\count273
\FP@regb=\count274
\FP@regs=\count275
\FP@times=\count276
)
(/usr/local/texlive/2018/texmf-dist/tex/latex/fp/fp-addons.sty
Package: fp-addons 1995/03/15
)
(/usr/local/texlive/2018/texmf-dist/tex/latex/fp/fp-snap.sty
Package: fp-snap 1995/04/05
)
(/usr/local/texlive/2018/texmf-dist/tex/latex/fp/fp-exp.sty
Package: fp-exp 1995/04/03
)
(/usr/local/texlive/2018/texmf-dist/tex/latex/fp/fp-trigo.sty
Package: fp-trigo 1995/04/14
)
(/usr/local/texlive/2018/texmf-dist/tex/latex/fp/fp-pas.sty
Package: fp-pas 1994/08/29
)
(/usr/local/texlive/2018/texmf-dist/tex/latex/fp/fp-random.sty
Package: fp-random 1995/02/23
\FPseed=\count277
)
(/usr/local/texlive/2018/texmf-dist/tex/latex/fp/fp-eqn.sty
Package: fp-eqn 1995/04/03
)
(/usr/local/texlive/2018/texmf-dist/tex/latex/fp/fp-upn.sty
Package: fp-upn 1996/10/21
)
(/usr/local/texlive/2018/texmf-dist/tex/latex/fp/fp-eval.sty
Package: fp-eval 1995/04/03
)))
\@dtl@toks=\toks36
\@dtl@tmpcount=\count278
\dtl@tmplength=\skip76
\dtl@sortresult=\count279
\@dtl@numgrpsepcount=\count280
\@dtl@datatype=\count281
\dtl@codeA=\count282
\dtl@codeB=\count283
\@dtl@foreach@level=\count284
)
(/usr/local/texlive/2018/texmf-dist/tex/latex/glossaries/base/glossaries-compat
ible-307.sty
Package: glossaries-compatible-307 2018/04/07 v4.37 (NLCT)
)
(/usr/local/texlive/2018/texmf-dist/tex/latex/tracklang/tracklang.sty
Package: tracklang 2018/02/21 v1.3.5 (NLCT) Track Languages

(/usr/local/texlive/2018/texmf-dist/tex/generic/tracklang/tracklang.tex))
(/usr/local/texlive/2018/texmf-dist/tex/latex/translator/translator.sty
Package: translator 2018/01/04 v1.12 Easy translation of strings in LaTeX
)
(/usr/local/texlive/2018/texmf-dist/tex/latex/glossaries-spanish/glossaries-spa
nish.ldf
File: glossaries-spanish.ldf 2014/11/23 v1.0

(/usr/local/texlive/2018/texmf-dist/tex/latex/glossaries-spanish/glossaries-spa
nish-utf8.ldf))
\gls@level=\count285
\@gls@tmpb=\toks37
\gls@tmplen=\skip77
\glskeylisttok=\toks38
\glslabeltok=\toks39
\glsshorttok=\toks40
\glslongtok=\toks41

(/usr/local/texlive/2018/texmf-dist/tex/latex/glossaries/styles/glossary-hypern
av.sty
Package: glossary-hypernav 2018/04/07 v4.37 (NLCT)
)
(/usr/local/texlive/2018/texmf-dist/tex/latex/glossaries/styles/glossary-list.s
ty
Package: glossary-list 2018/04/07 v4.37 (NLCT)
\glslistdottedwidth=\skip78
)
(/usr/local/texlive/2018/texmf-dist/tex/latex/glossaries/styles/glossary-long.s
ty
Package: glossary-long 2018/04/07 v4.37 (NLCT)
 (/usr/local/texlive/2018/texmf-dist/tex/latex/tools/longtable.sty
Package: longtable 2014/10/28 v4.11 Multi-page Table package (DPC)
\LTleft=\skip79
\LTright=\skip80
\LTpre=\skip81
\LTpost=\skip82
\LTchunksize=\count286
\LTcapwidth=\dimen162
\LT@head=\box62
\LT@firsthead=\box63
\LT@foot=\box64
\LT@lastfoot=\box65
\LT@cols=\count287
\LT@rows=\count288
\c@LT@tables=\count289
\c@LT@chunks=\count290
\LT@p@ftn=\toks42
)
\glsdescwidth=\skip83
\glspagelistwidth=\skip84
)
(/usr/local/texlive/2018/texmf-dist/tex/latex/glossaries/styles/glossary-super.
sty
Package: glossary-super 2018/04/07 v4.37 (NLCT)
 (/usr/local/texlive/2018/texmf-dist/tex/latex/supertabular/supertabular.sty
Package: supertabular 2004/02/20 v4.1e the supertabular environment
\c@tracingst=\count291
\ST@wd=\dimen163
\ST@rightskip=\skip85
\ST@leftskip=\skip86
\ST@parfillskip=\skip87
\ST@pageleft=\dimen164
\ST@headht=\dimen165
\ST@tailht=\dimen166
\ST@pagesofar=\dimen167
\ST@pboxht=\dimen168
\ST@lineht=\dimen169
\ST@stretchht=\dimen170
\ST@prevht=\dimen171
\ST@toadd=\dimen172
\ST@dimen=\dimen173
\ST@pbox=\box66
))
(/usr/local/texlive/2018/texmf-dist/tex/latex/glossaries/styles/glossary-tree.s
ty
Package: glossary-tree 2018/04/07 v4.37 (NLCT)
\glstreeindent=\skip88
))
\glswrite=\write3
\glo@main@file=\write4
\openout4 = `Memoria.glo'.

Package glossaries Info: Writing glossary file Memoria.glo on input line 31.
\glo@acronym@file=\write5
\openout5 = `Memoria.acn'.

Package glossaries Info: Writing glossary file Memoria.acn on input line 31.
 (./Memoria.aux)
\openout1 = `Memoria.aux'.

LaTeX Font Info:    Checking defaults for OML/cmm/m/it on input line 80.
LaTeX Font Info:    ... okay on input line 80.
LaTeX Font Info:    Checking defaults for T1/cmr/m/n on input line 80.
LaTeX Font Info:    ... okay on input line 80.
LaTeX Font Info:    Checking defaults for OT1/cmr/m/n on input line 80.
LaTeX Font Info:    ... okay on input line 80.
LaTeX Font Info:    Checking defaults for OMS/cmsy/m/n on input line 80.
LaTeX Font Info:    ... okay on input line 80.
LaTeX Font Info:    Checking defaults for OMX/cmex/m/n on input line 80.
LaTeX Font Info:    ... okay on input line 80.
LaTeX Font Info:    Checking defaults for U/cmr/m/n on input line 80.
LaTeX Font Info:    ... okay on input line 80.
LaTeX Font Info:    Checking defaults for PD1/pdf/m/n on input line 80.
LaTeX Font Info:    ... okay on input line 80.
LaTeX Font Info:    Try loading font information for T1+lmr on input line 80.
 (/usr/local/texlive/2018/texmf-dist/tex/latex/lm/t1lmr.fd
File: t1lmr.fd 2009/10/30 v1.6 Font defs for Latin Modern
)
LaTeX Info: Redefining \. on input line 80.
LaTeX Info: Redefining \% on input line 80.
Package caption Info: Begin \AtBeginDocument code.
Package caption Info: float package is loaded.
Package caption Info: hyperref package is loaded.
Package caption Info: listings package is loaded.
Package caption Info: longtable package is loaded.
(/usr/local/texlive/2018/texmf-dist/tex/latex/caption/ltcaption.sty
Package: ltcaption 2013/06/09 v1.4-94 longtable captions (AR)
)
Package caption Info: rotating package is loaded.
Package caption Info: supertabular package is loaded.
Package caption Info: End \AtBeginDocument code.
\AtBeginShipoutBox=\box67
Package hyperref Info: Link coloring OFF on input line 80.

(/usr/local/texlive/2018/texmf-dist/tex/latex/hyperref/nameref.sty
Package: nameref 2016/05/21 v2.44 Cross-referencing by name of section

(/usr/local/texlive/2018/texmf-dist/tex/generic/oberdiek/gettitlestring.sty
Package: gettitlestring 2016/05/16 v1.5 Cleanup title references (HO)
)
\c@section@level=\count292
)
LaTeX Info: Redefining \ref on input line 80.
LaTeX Info: Redefining \pageref on input line 80.
LaTeX Info: Redefining \nameref on input line 80.

(./Memoria.out) (./Memoria.out)
\@outlinefile=\write6
\openout6 = `Memoria.out'.


*geometry* driver: auto-detecting
*geometry* detected driver: pdftex
*geometry* verbose mode - [ preamble ] result:
* driver: pdftex
* paper: a4paper
* layout: <same size as paper>
* layoutoffset:(h,v)=(0.0pt,0.0pt)
* modes: 
* h-part:(L,W,R)=(71.13188pt, 455.24411pt, 71.13188pt)
* v-part:(T,H,B)=(85.35826pt, 674.33032pt, 85.35826pt)
* \paperwidth=597.50787pt
* \paperheight=845.04684pt
* \textwidth=455.24411pt
* \textheight=674.33032pt
* \oddsidemargin=-1.1381pt
* \evensidemargin=-1.1381pt
* \topmargin=-23.91173pt
* \headheight=16.0pt
* \headsep=25.0pt
* \topskip=12.0pt
* \footskip=30.0pt
* \marginparwidth=35.0pt
* \marginparsep=10.0pt
* \columnsep=10.0pt
* \skip\footins=10.8pt plus 4.0pt minus 2.0pt
* \hoffset=0.0pt
* \voffset=0.0pt
* \mag=1000
* \@twocolumnfalse
* \@twosidefalse
* \@mparswitchfalse
* \@reversemarginfalse
* (1in=72.27pt=25.4mm, 1cm=28.453pt)

\c@lstlisting=\count293
(/usr/local/texlive/2018/texmf-dist/tex/context/base/mkii/supp-pdf.mkii
[Loading MPS to PDF converter (version 2006.09.02).]
\scratchcounter=\count294
\scratchdimen=\dimen174
\scratchbox=\box68
\nofMPsegments=\count295
\nofMParguments=\count296
\everyMPshowfont=\toks43
\MPscratchCnt=\count297
\MPscratchDim=\dimen175
\MPnumerator=\count298
\makeMPintoPDFobject=\count299
\everyMPtoPDFconversion=\toks44
) (/usr/local/texlive/2018/texmf-dist/tex/latex/oberdiek/epstopdf-base.sty
Package: epstopdf-base 2016/05/15 v2.6 Base part for package epstopdf

(/usr/local/texlive/2018/texmf-dist/tex/latex/oberdiek/grfext.sty
Package: grfext 2016/05/16 v1.2 Manage graphics extensions (HO)
)
Package epstopdf-base Info: Redefining graphics rule for `.eps' on input line 4
38.
Package grfext Info: Graphics extension search list:
(grfext)             [.pdf,.png,.jpg,.mps,.jpeg,.jbig2,.jb2,.PDF,.PNG,.JPG,.JPE
G,.JBIG2,.JB2,.eps]
(grfext)             \AppendGraphicsExtensions on input line 456.

(/usr/local/texlive/2018/texmf-dist/tex/latex/latexconfig/epstopdf-sys.cfg
File: epstopdf-sys.cfg 2010/07/13 v1.3 Configuration of (r)epstopdf for TeX Liv
e
))
\openout2 = `0-Portada.aux'.


(./0-Portada.tex
<figures/logo.jpg, id=4, 455.45157pt x 149.05687pt>
File: figures/logo.jpg Graphic file (type jpg)
<use figures/logo.jpg>
Package pdftex.def Info: figures/logo.jpg  used on input line 5.
(pdftex.def)             Requested size: 364.19667pt x 119.19334pt.
LaTeX Font Info:    Try loading font information for T1+lmss on input line 16.
 (/usr/local/texlive/2018/texmf-dist/tex/latex/lm/t1lmss.fd
File: t1lmss.fd 2009/10/30 v1.6 Font defs for Latin Modern
)
Package babel Info: Redefining spanish shorthand <<
(babel)             in language  on input line 39.
Package babel Info: Redefining spanish shorthand >>
(babel)             in language  on input line 39.
Package babel Info: Redefining spanish shorthand "=
(babel)             in language  on input line 39.
Package babel Info: Redefining spanish shorthand "~
(babel)             in language  on input line 39.
Package babel Info: Redefining spanish shorthand "!
(babel)             in language  on input line 39.
Package babel Info: Redefining spanish shorthand "?
(babel)             in language  on input line 39.
Package babel Info: Redefining spanish shorthand <<
(babel)             in language  on input line 39.
Package babel Info: Redefining spanish shorthand >>
(babel)             in language  on input line 39.
Package babel Info: Redefining spanish shorthand "=
(babel)             in language  on input line 39.
Package babel Info: Redefining spanish shorthand "~
(babel)             in language  on input line 39.
Package babel Info: Redefining spanish shorthand "!
(babel)             in language  on input line 39.
Package babel Info: Redefining spanish shorthand "?
(babel)             in language  on input line 39.

[1

\openout3 = `Memoria.ist'.


{/usr/local/texlive/2018/texmf-var/fonts/map/pdftex/updmap/pdftex.map} <./figur
es/logo.jpg>])
\openout2 = `0-Agradecimientos.aux'.


No file 0-Agradecimientos.tex.
\openout2 = `0-Resumen.aux'.

(./0-Resumen.tex)
Package babel Info: Redefining spanish shorthand <<
(babel)             in language  on input line 91.
Package babel Info: Redefining spanish shorthand >>
(babel)             in language  on input line 91.
Package babel Info: Redefining spanish shorthand "=
(babel)             in language  on input line 91.
Package babel Info: Redefining spanish shorthand "~
(babel)             in language  on input line 91.
Package babel Info: Redefining spanish shorthand "!
(babel)             in language  on input line 91.
Package babel Info: Redefining spanish shorthand "?
(babel)             in language  on input line 91.
Package babel Info: Redefining spanish shorthand <<
(babel)             in language  on input line 91.
Package babel Info: Redefining spanish shorthand >>
(babel)             in language  on input line 91.
Package babel Info: Redefining spanish shorthand "=
(babel)             in language  on input line 91.
Package babel Info: Redefining spanish shorthand "~
(babel)             in language  on input line 91.
Package babel Info: Redefining spanish shorthand "!
(babel)             in language  on input line 91.
Package babel Info: Redefining spanish shorthand "?
(babel)             in language  on input line 91.
 [1





]

Package hyperref Warning: old toc file detected, not used; run LaTeX again.

\tf@toc=\write7
\openout7 = `Memoria.toc'.

Package babel Info: Redefining spanish shorthand <<
(babel)             in language  on input line 123.
Package babel Info: Redefining spanish shorthand >>
(babel)             in language  on input line 123.
Package babel Info: Redefining spanish shorthand "=
(babel)             in language  on input line 123.
Package babel Info: Redefining spanish shorthand "~
(babel)             in language  on input line 123.
Package babel Info: Redefining spanish shorthand "!
(babel)             in language  on input line 123.
Package babel Info: Redefining spanish shorthand "?
(babel)             in language  on input line 123.
Package babel Info: Redefining spanish shorthand <<
(babel)             in language  on input line 123.
Package babel Info: Redefining spanish shorthand >>
(babel)             in language  on input line 123.
Package babel Info: Redefining spanish shorthand "=
(babel)             in language  on input line 123.
Package babel Info: Redefining spanish shorthand "~
(babel)             in language  on input line 123.
Package babel Info: Redefining spanish shorthand "!
(babel)             in language  on input line 123.
Package babel Info: Redefining spanish shorthand "?
(babel)             in language  on input line 123.
pdfTeX warning (ext4): destination with the same identifier (name{page.1}) has 
been already used, duplicate ignored
<to be read again> 
                   \relax 
l.123 \include{1-Introduccion}
                               [1




]
\openout2 = `1-Introduccion.aux'.

 (./1-Introduccion.tex
Cap\'{\i }tulo 1.
Package babel Info: Redefining spanish shorthand <<
(babel)             in language  on input line 1.
Package babel Info: Redefining spanish shorthand >>
(babel)             in language  on input line 1.
Package babel Info: Redefining spanish shorthand "=
(babel)             in language  on input line 1.
Package babel Info: Redefining spanish shorthand "~
(babel)             in language  on input line 1.
Package babel Info: Redefining spanish shorthand "!
(babel)             in language  on input line 1.
Package babel Info: Redefining spanish shorthand "?
(babel)             in language  on input line 1.
Package babel Info: Redefining spanish shorthand <<
(babel)             in language  on input line 3.
Package babel Info: Redefining spanish shorthand >>
(babel)             in language  on input line 3.
Package babel Info: Redefining spanish shorthand "=
(babel)             in language  on input line 3.
Package babel Info: Redefining spanish shorthand "~
(babel)             in language  on input line 3.
Package babel Info: Redefining spanish shorthand "!
(babel)             in language  on input line 3.
Package babel Info: Redefining spanish shorthand "?
(babel)             in language  on input line 3.
Package babel Info: Redefining spanish shorthand <<
(babel)             in language  on input line 4.
Package babel Info: Redefining spanish shorthand >>
(babel)             in language  on input line 4.
Package babel Info: Redefining spanish shorthand "=
(babel)             in language  on input line 4.
Package babel Info: Redefining spanish shorthand "~
(babel)             in language  on input line 4.
Package babel Info: Redefining spanish shorthand "!
(babel)             in language  on input line 4.
Package babel Info: Redefining spanish shorthand "?
(babel)             in language  on input line 4.
Package babel Info: Redefining spanish shorthand <<
(babel)             in language  on input line 7.
Package babel Info: Redefining spanish shorthand >>
(babel)             in language  on input line 7.
Package babel Info: Redefining spanish shorthand "=
(babel)             in language  on input line 7.
Package babel Info: Redefining spanish shorthand "~
(babel)             in language  on input line 7.
Package babel Info: Redefining spanish shorthand "!
(babel)             in language  on input line 7.
Package babel Info: Redefining spanish shorthand "?
(babel)             in language  on input line 7.
Package babel Info: Redefining spanish shorthand <<
(babel)             in language  on input line 7.
Package babel Info: Redefining spanish shorthand >>
(babel)             in language  on input line 7.
Package babel Info: Redefining spanish shorthand "=
(babel)             in language  on input line 7.
Package babel Info: Redefining spanish shorthand "~
(babel)             in language  on input line 7.
Package babel Info: Redefining spanish shorthand "!
(babel)             in language  on input line 7.
Package babel Info: Redefining spanish shorthand "?
(babel)             in language  on input line 7.
[2


]
Package babel Info: Redefining spanish shorthand <<
(babel)             in language  on input line 7.
Package babel Info: Redefining spanish shorthand >>
(babel)             in language  on input line 7.
Package babel Info: Redefining spanish shorthand "=
(babel)             in language  on input line 7.
Package babel Info: Redefining spanish shorthand "~
(babel)             in language  on input line 7.
Package babel Info: Redefining spanish shorthand "!
(babel)             in language  on input line 7.
Package babel Info: Redefining spanish shorthand "?
(babel)             in language  on input line 7.
<figures/arquitecturaweb.jpg, id=32, 371.3875pt x 281.05pt>
File: figures/arquitecturaweb.jpg Graphic file (type jpg)
<use figures/arquitecturaweb.jpg>
Package pdftex.def Info: figures/arquitecturaweb.jpg  used on input line 16.
(pdftex.def)             Requested size: 364.19667pt x 275.6158pt.
Package babel Info: Redefining spanish shorthand <<
(babel)             in language  on input line 22.
Package babel Info: Redefining spanish shorthand >>
(babel)             in language  on input line 22.
Package babel Info: Redefining spanish shorthand "=
(babel)             in language  on input line 22.
Package babel Info: Redefining spanish shorthand "~
(babel)             in language  on input line 22.
Package babel Info: Redefining spanish shorthand "!
(babel)             in language  on input line 22.
Package babel Info: Redefining spanish shorthand "?
(babel)             in language  on input line 22.
Package babel Info: Redefining spanish shorthand <<
(babel)             in language  on input line 25.
Package babel Info: Redefining spanish shorthand >>
(babel)             in language  on input line 25.
Package babel Info: Redefining spanish shorthand "=
(babel)             in language  on input line 25.
Package babel Info: Redefining spanish shorthand "~
(babel)             in language  on input line 25.
Package babel Info: Redefining spanish shorthand "!
(babel)             in language  on input line 25.
Package babel Info: Redefining spanish shorthand "?
(babel)             in language  on input line 25.
Package babel Info: Redefining spanish shorthand <<
(babel)             in language  on input line 25.
Package babel Info: Redefining spanish shorthand >>
(babel)             in language  on input line 25.
Package babel Info: Redefining spanish shorthand "=
(babel)             in language  on input line 25.
Package babel Info: Redefining spanish shorthand "~
(babel)             in language  on input line 25.
Package babel Info: Redefining spanish shorthand "!
(babel)             in language  on input line 25.
Package babel Info: Redefining spanish shorthand "?
(babel)             in language  on input line 25.
 [3 <./figures/arquitecturaweb.jpg>]
Package babel Info: Redefining spanish shorthand <<
(babel)             in language  on input line 30.
Package babel Info: Redefining spanish shorthand >>
(babel)             in language  on input line 30.
Package babel Info: Redefining spanish shorthand "=
(babel)             in language  on input line 30.
Package babel Info: Redefining spanish shorthand "~
(babel)             in language  on input line 30.
Package babel Info: Redefining spanish shorthand "!
(babel)             in language  on input line 30.
Package babel Info: Redefining spanish shorthand "?
(babel)             in language  on input line 30.
Package babel Info: Redefining spanish shorthand <<
(babel)             in language  on input line 36.
Package babel Info: Redefining spanish shorthand >>
(babel)             in language  on input line 36.
Package babel Info: Redefining spanish shorthand "=
(babel)             in language  on input line 36.
Package babel Info: Redefining spanish shorthand "~
(babel)             in language  on input line 36.
Package babel Info: Redefining spanish shorthand "!
(babel)             in language  on input line 36.
Package babel Info: Redefining spanish shorthand "?
(babel)             in language  on input line 36.
Package babel Info: Redefining spanish shorthand <<
(babel)             in language  on input line 36.
Package babel Info: Redefining spanish shorthand >>
(babel)             in language  on input line 36.
Package babel Info: Redefining spanish shorthand "=
(babel)             in language  on input line 36.
Package babel Info: Redefining spanish shorthand "~
(babel)             in language  on input line 36.
Package babel Info: Redefining spanish shorthand "!
(babel)             in language  on input line 36.
Package babel Info: Redefining spanish shorthand "?
(babel)             in language  on input line 36.
 [4]
Package babel Info: Redefining spanish shorthand <<
(babel)             in language  on input line 41.
Package babel Info: Redefining spanish shorthand >>
(babel)             in language  on input line 41.
Package babel Info: Redefining spanish shorthand "=
(babel)             in language  on input line 41.
Package babel Info: Redefining spanish shorthand "~
(babel)             in language  on input line 41.
Package babel Info: Redefining spanish shorthand "!
(babel)             in language  on input line 41.
Package babel Info: Redefining spanish shorthand "?
(babel)             in language  on input line 41.
Package babel Info: Redefining spanish shorthand <<
(babel)             in language  on input line 41.
Package babel Info: Redefining spanish shorthand >>
(babel)             in language  on input line 41.
Package babel Info: Redefining spanish shorthand "=
(babel)             in language  on input line 41.
Package babel Info: Redefining spanish shorthand "~
(babel)             in language  on input line 41.
Package babel Info: Redefining spanish shorthand "!
(babel)             in language  on input line 41.
Package babel Info: Redefining spanish shorthand "?
(babel)             in language  on input line 41.
 [5]
Package babel Info: Redefining spanish shorthand <<
(babel)             in language  on input line 43.
Package babel Info: Redefining spanish shorthand >>
(babel)             in language  on input line 43.
Package babel Info: Redefining spanish shorthand "=
(babel)             in language  on input line 43.
Package babel Info: Redefining spanish shorthand "~
(babel)             in language  on input line 43.
Package babel Info: Redefining spanish shorthand "!
(babel)             in language  on input line 43.
Package babel Info: Redefining spanish shorthand "?
(babel)             in language  on input line 43.
Package babel Info: Redefining spanish shorthand <<
(babel)             in language  on input line 44.
Package babel Info: Redefining spanish shorthand >>
(babel)             in language  on input line 44.
Package babel Info: Redefining spanish shorthand "=
(babel)             in language  on input line 44.
Package babel Info: Redefining spanish shorthand "~
(babel)             in language  on input line 44.
Package babel Info: Redefining spanish shorthand "!
(babel)             in language  on input line 44.
Package babel Info: Redefining spanish shorthand "?
(babel)             in language  on input line 44.
Package babel Info: Redefining spanish shorthand <<
(babel)             in language  on input line 55.
Package babel Info: Redefining spanish shorthand >>
(babel)             in language  on input line 55.
Package babel Info: Redefining spanish shorthand "=
(babel)             in language  on input line 55.
Package babel Info: Redefining spanish shorthand "~
(babel)             in language  on input line 55.
Package babel Info: Redefining spanish shorthand "!
(babel)             in language  on input line 55.
Package babel Info: Redefining spanish shorthand "?
(babel)             in language  on input line 55.
Package babel Info: Redefining spanish shorthand <<
(babel)             in language  on input line 58.
Package babel Info: Redefining spanish shorthand >>
(babel)             in language  on input line 58.
Package babel Info: Redefining spanish shorthand "=
(babel)             in language  on input line 58.
Package babel Info: Redefining spanish shorthand "~
(babel)             in language  on input line 58.
Package babel Info: Redefining spanish shorthand "!
(babel)             in language  on input line 58.
Package babel Info: Redefining spanish shorthand "?
(babel)             in language  on input line 58.
Package babel Info: Redefining spanish shorthand <<
(babel)             in language  on input line 58.
Package babel Info: Redefining spanish shorthand >>
(babel)             in language  on input line 58.
Package babel Info: Redefining spanish shorthand "=
(babel)             in language  on input line 58.
Package babel Info: Redefining spanish shorthand "~
(babel)             in language  on input line 58.
Package babel Info: Redefining spanish shorthand "!
(babel)             in language  on input line 58.
Package babel Info: Redefining spanish shorthand "?
(babel)             in language  on input line 58.
 [6]
Package babel Info: Redefining spanish shorthand <<
(babel)             in language  on input line 59.
Package babel Info: Redefining spanish shorthand >>
(babel)             in language  on input line 59.
Package babel Info: Redefining spanish shorthand "=
(babel)             in language  on input line 59.
Package babel Info: Redefining spanish shorthand "~
(babel)             in language  on input line 59.
Package babel Info: Redefining spanish shorthand "!
(babel)             in language  on input line 59.
Package babel Info: Redefining spanish shorthand "?
(babel)             in language  on input line 59.
LaTeX Font Info:    Try loading font information for OT1+lmr on input line 65.

(/usr/local/texlive/2018/texmf-dist/tex/latex/lm/ot1lmr.fd
File: ot1lmr.fd 2009/10/30 v1.6 Font defs for Latin Modern
)
LaTeX Font Info:    Try loading font information for OML+lmm on input line 65.

(/usr/local/texlive/2018/texmf-dist/tex/latex/lm/omllmm.fd
File: omllmm.fd 2009/10/30 v1.6 Font defs for Latin Modern
)
LaTeX Font Info:    Try loading font information for OMS+lmsy on input line 65.


(/usr/local/texlive/2018/texmf-dist/tex/latex/lm/omslmsy.fd
File: omslmsy.fd 2009/10/30 v1.6 Font defs for Latin Modern
)
LaTeX Font Info:    Try loading font information for OMX+lmex on input line 65.


(/usr/local/texlive/2018/texmf-dist/tex/latex/lm/omxlmex.fd
File: omxlmex.fd 2009/10/30 v1.6 Font defs for Latin Modern
)
LaTeX Font Info:    External font `lmex10' loaded for size
(Font)              <12> on input line 65.
LaTeX Font Info:    External font `lmex10' loaded for size
(Font)              <8> on input line 65.
LaTeX Font Info:    External font `lmex10' loaded for size
(Font)              <6> on input line 65.
LaTeX Font Info:    External font `lmex10' loaded for size
(Font)              <10> on input line 65.
LaTeX Font Info:    External font `lmex10' loaded for size
(Font)              <7> on input line 65.
LaTeX Font Info:    External font `lmex10' loaded for size
(Font)              <5> on input line 65.
LaTeX Font Info:    Try loading font information for T1+lmtt on input line 65.

(/usr/local/texlive/2018/texmf-dist/tex/latex/lm/t1lmtt.fd
File: t1lmtt.fd 2009/10/30 v1.6 Font defs for Latin Modern
)
Package babel Info: Redefining spanish shorthand <<
(babel)             in language  on input line 67.
Package babel Info: Redefining spanish shorthand >>
(babel)             in language  on input line 67.
Package babel Info: Redefining spanish shorthand "=
(babel)             in language  on input line 67.
Package babel Info: Redefining spanish shorthand "~
(babel)             in language  on input line 67.
Package babel Info: Redefining spanish shorthand "!
(babel)             in language  on input line 67.
Package babel Info: Redefining spanish shorthand "?
(babel)             in language  on input line 67.
Package babel Info: Redefining spanish shorthand <<
(babel)             in language  on input line 67.
Package babel Info: Redefining spanish shorthand >>
(babel)             in language  on input line 67.
Package babel Info: Redefining spanish shorthand "=
(babel)             in language  on input line 67.
Package babel Info: Redefining spanish shorthand "~
(babel)             in language  on input line 67.
Package babel Info: Redefining spanish shorthand "!
(babel)             in language  on input line 67.
Package babel Info: Redefining spanish shorthand "?
(babel)             in language  on input line 67.
 [7]
Package babel Info: Redefining spanish shorthand <<
(babel)             in language  on input line 73.
Package babel Info: Redefining spanish shorthand >>
(babel)             in language  on input line 73.
Package babel Info: Redefining spanish shorthand "=
(babel)             in language  on input line 73.
Package babel Info: Redefining spanish shorthand "~
(babel)             in language  on input line 73.
Package babel Info: Redefining spanish shorthand "!
(babel)             in language  on input line 73.
Package babel Info: Redefining spanish shorthand "?
(babel)             in language  on input line 73.
Package babel Info: Redefining spanish shorthand <<
(babel)             in language  on input line 78.
Package babel Info: Redefining spanish shorthand >>
(babel)             in language  on input line 78.
Package babel Info: Redefining spanish shorthand "=
(babel)             in language  on input line 78.
Package babel Info: Redefining spanish shorthand "~
(babel)             in language  on input line 78.
Package babel Info: Redefining spanish shorthand "!
(babel)             in language  on input line 78.
Package babel Info: Redefining spanish shorthand "?
(babel)             in language  on input line 78.
Package babel Info: Redefining spanish shorthand <<
(babel)             in language  on input line 78.
Package babel Info: Redefining spanish shorthand >>
(babel)             in language  on input line 78.
Package babel Info: Redefining spanish shorthand "=
(babel)             in language  on input line 78.
Package babel Info: Redefining spanish shorthand "~
(babel)             in language  on input line 78.
Package babel Info: Redefining spanish shorthand "!
(babel)             in language  on input line 78.
Package babel Info: Redefining spanish shorthand "?
(babel)             in language  on input line 78.
 [8]
Package babel Info: Redefining spanish shorthand <<
(babel)             in language  on input line 82.
Package babel Info: Redefining spanish shorthand >>
(babel)             in language  on input line 82.
Package babel Info: Redefining spanish shorthand "=
(babel)             in language  on input line 82.
Package babel Info: Redefining spanish shorthand "~
(babel)             in language  on input line 82.
Package babel Info: Redefining spanish shorthand "!
(babel)             in language  on input line 82.
Package babel Info: Redefining spanish shorthand "?
(babel)             in language  on input line 82.
Package babel Info: Redefining spanish shorthand <<
(babel)             in language  on input line 88.
Package babel Info: Redefining spanish shorthand >>
(babel)             in language  on input line 88.
Package babel Info: Redefining spanish shorthand "=
(babel)             in language  on input line 88.
Package babel Info: Redefining spanish shorthand "~
(babel)             in language  on input line 88.
Package babel Info: Redefining spanish shorthand "!
(babel)             in language  on input line 88.
Package babel Info: Redefining spanish shorthand "?
(babel)             in language  on input line 88.
Package babel Info: Redefining spanish shorthand <<
(babel)             in language  on input line 88.
Package babel Info: Redefining spanish shorthand >>
(babel)             in language  on input line 88.
Package babel Info: Redefining spanish shorthand "=
(babel)             in language  on input line 88.
Package babel Info: Redefining spanish shorthand "~
(babel)             in language  on input line 88.
Package babel Info: Redefining spanish shorthand "!
(babel)             in language  on input line 88.
Package babel Info: Redefining spanish shorthand "?
(babel)             in language  on input line 88.
 [9]
Package babel Info: Redefining spanish shorthand <<
(babel)             in language  on input line 91.
Package babel Info: Redefining spanish shorthand >>
(babel)             in language  on input line 91.
Package babel Info: Redefining spanish shorthand "=
(babel)             in language  on input line 91.
Package babel Info: Redefining spanish shorthand "~
(babel)             in language  on input line 91.
Package babel Info: Redefining spanish shorthand "!
(babel)             in language  on input line 91.
Package babel Info: Redefining spanish shorthand "?
(babel)             in language  on input line 91.
Package babel Info: Redefining spanish shorthand <<
(babel)             in language  on input line 93.
Package babel Info: Redefining spanish shorthand >>
(babel)             in language  on input line 93.
Package babel Info: Redefining spanish shorthand "=
(babel)             in language  on input line 93.
Package babel Info: Redefining spanish shorthand "~
(babel)             in language  on input line 93.
Package babel Info: Redefining spanish shorthand "!
(babel)             in language  on input line 93.
Package babel Info: Redefining spanish shorthand "?
(babel)             in language  on input line 93.
Package babel Info: Redefining spanish shorthand <<
(babel)             in language  on input line 106.
Package babel Info: Redefining spanish shorthand >>
(babel)             in language  on input line 106.
Package babel Info: Redefining spanish shorthand "=
(babel)             in language  on input line 106.
Package babel Info: Redefining spanish shorthand "~
(babel)             in language  on input line 106.
Package babel Info: Redefining spanish shorthand "!
(babel)             in language  on input line 106.
Package babel Info: Redefining spanish shorthand "?
(babel)             in language  on input line 106.
Package babel Info: Redefining spanish shorthand <<
(babel)             in language  on input line 106.
Package babel Info: Redefining spanish shorthand >>
(babel)             in language  on input line 106.
Package babel Info: Redefining spanish shorthand "=
(babel)             in language  on input line 106.
Package babel Info: Redefining spanish shorthand "~
(babel)             in language  on input line 106.
Package babel Info: Redefining spanish shorthand "!
(babel)             in language  on input line 106.
Package babel Info: Redefining spanish shorthand "?
(babel)             in language  on input line 106.

[10]
Package babel Info: Redefining spanish shorthand <<
(babel)             in language  on input line 107.
Package babel Info: Redefining spanish shorthand >>
(babel)             in language  on input line 107.
Package babel Info: Redefining spanish shorthand "=
(babel)             in language  on input line 107.
Package babel Info: Redefining spanish shorthand "~
(babel)             in language  on input line 107.
Package babel Info: Redefining spanish shorthand "!
(babel)             in language  on input line 107.
Package babel Info: Redefining spanish shorthand "?
(babel)             in language  on input line 107.
Package babel Info: Redefining spanish shorthand <<
(babel)             in language  on input line 110.
Package babel Info: Redefining spanish shorthand >>
(babel)             in language  on input line 110.
Package babel Info: Redefining spanish shorthand "=
(babel)             in language  on input line 110.
Package babel Info: Redefining spanish shorthand "~
(babel)             in language  on input line 110.
Package babel Info: Redefining spanish shorthand "!
(babel)             in language  on input line 110.
Package babel Info: Redefining spanish shorthand "?
(babel)             in language  on input line 110.
<figures/cameraviewjs.png, id=119, 1284.8pt x 779.91376pt>
File: figures/cameraviewjs.png Graphic file (type png)
<use figures/cameraviewjs.png>
Package pdftex.def Info: figures/cameraviewjs.png  used on input line 116.
(pdftex.def)             Requested size: 364.19667pt x 221.07578pt.
Package babel Info: Redefining spanish shorthand <<
(babel)             in language  on input line 122.
Package babel Info: Redefining spanish shorthand >>
(babel)             in language  on input line 122.
Package babel Info: Redefining spanish shorthand "=
(babel)             in language  on input line 122.
Package babel Info: Redefining spanish shorthand "~
(babel)             in language  on input line 122.
Package babel Info: Redefining spanish shorthand "!
(babel)             in language  on input line 122.
Package babel Info: Redefining spanish shorthand "?
(babel)             in language  on input line 122.
Package babel Info: Redefining spanish shorthand <<
(babel)             in language  on input line 125.
Package babel Info: Redefining spanish shorthand >>
(babel)             in language  on input line 125.
Package babel Info: Redefining spanish shorthand "=
(babel)             in language  on input line 125.
Package babel Info: Redefining spanish shorthand "~
(babel)             in language  on input line 125.
Package babel Info: Redefining spanish shorthand "!
(babel)             in language  on input line 125.
Package babel Info: Redefining spanish shorthand "?
(babel)             in language  on input line 125.
Package babel Info: Redefining spanish shorthand <<
(babel)             in language  on input line 125.
Package babel Info: Redefining spanish shorthand >>
(babel)             in language  on input line 125.
Package babel Info: Redefining spanish shorthand "=
(babel)             in language  on input line 125.
Package babel Info: Redefining spanish shorthand "~
(babel)             in language  on input line 125.
Package babel Info: Redefining spanish shorthand "!
(babel)             in language  on input line 125.
Package babel Info: Redefining spanish shorthand "?
(babel)             in language  on input line 125.
 [11 <./figures/cameraviewjs.png>]
<figures/kobukiviewerjs.png, id=131, 1927.2pt x 1084.05pt>
File: figures/kobukiviewerjs.png Graphic file (type png)
<use figures/kobukiviewerjs.png>
Package pdftex.def Info: figures/kobukiviewerjs.png  used on input line 128.
(pdftex.def)             Requested size: 364.19667pt x 204.84683pt.
Package babel Info: Redefining spanish shorthand <<
(babel)             in language  on input line 134.
Package babel Info: Redefining spanish shorthand >>
(babel)             in language  on input line 134.
Package babel Info: Redefining spanish shorthand "=
(babel)             in language  on input line 134.
Package babel Info: Redefining spanish shorthand "~
(babel)             in language  on input line 134.
Package babel Info: Redefining spanish shorthand "!
(babel)             in language  on input line 134.
Package babel Info: Redefining spanish shorthand "?
(babel)             in language  on input line 134.
<figures/uavviewerjs.png, id=132, 1927.2pt x 1084.05pt>
File: figures/uavviewerjs.png Graphic file (type png)
<use figures/uavviewerjs.png>
Package pdftex.def Info: figures/uavviewerjs.png  used on input line 140.
(pdftex.def)             Requested size: 364.19667pt x 204.84683pt.
)
Package babel Info: Redefining spanish shorthand <<
(babel)             in language  on input line 123.
Package babel Info: Redefining spanish shorthand >>
(babel)             in language  on input line 123.
Package babel Info: Redefining spanish shorthand "=
(babel)             in language  on input line 123.
Package babel Info: Redefining spanish shorthand "~
(babel)             in language  on input line 123.
Package babel Info: Redefining spanish shorthand "!
(babel)             in language  on input line 123.
Package babel Info: Redefining spanish shorthand "?
(babel)             in language  on input line 123.
Package babel Info: Redefining spanish shorthand <<
(babel)             in language  on input line 123.
Package babel Info: Redefining spanish shorthand >>
(babel)             in language  on input line 123.
Package babel Info: Redefining spanish shorthand "=
(babel)             in language  on input line 123.
Package babel Info: Redefining spanish shorthand "~
(babel)             in language  on input line 123.
Package babel Info: Redefining spanish shorthand "!
(babel)             in language  on input line 123.
Package babel Info: Redefining spanish shorthand "?
(babel)             in language  on input line 123.
 [12 <./figures/kobukiviewerjs.png>]
Package babel Info: Redefining spanish shorthand <<
(babel)             in language  on input line 123.
Package babel Info: Redefining spanish shorthand >>
(babel)             in language  on input line 123.
Package babel Info: Redefining spanish shorthand "=
(babel)             in language  on input line 123.
Package babel Info: Redefining spanish shorthand "~
(babel)             in language  on input line 123.
Package babel Info: Redefining spanish shorthand "!
(babel)             in language  on input line 123.
Package babel Info: Redefining spanish shorthand "?
(babel)             in language  on input line 123.
Package babel Info: Redefining spanish shorthand <<
(babel)             in language  on input line 123.
Package babel Info: Redefining spanish shorthand >>
(babel)             in language  on input line 123.
Package babel Info: Redefining spanish shorthand "=
(babel)             in language  on input line 123.
Package babel Info: Redefining spanish shorthand "~
(babel)             in language  on input line 123.
Package babel Info: Redefining spanish shorthand "!
(babel)             in language  on input line 123.
Package babel Info: Redefining spanish shorthand "?
(babel)             in language  on input line 123.

[13 <./figures/uavviewerjs.png>]
\openout2 = `2-Objetivos.aux'.

 (./2-Objetivos.tex
Cap\'{\i }tulo 2.
Package babel Info: Redefining spanish shorthand <<
(babel)             in language  on input line 1.
Package babel Info: Redefining spanish shorthand >>
(babel)             in language  on input line 1.
Package babel Info: Redefining spanish shorthand "=
(babel)             in language  on input line 1.
Package babel Info: Redefining spanish shorthand "~
(babel)             in language  on input line 1.
Package babel Info: Redefining spanish shorthand "!
(babel)             in language  on input line 1.
Package babel Info: Redefining spanish shorthand "?
(babel)             in language  on input line 1.
Package babel Info: Redefining spanish shorthand <<
(babel)             in language  on input line 4.
Package babel Info: Redefining spanish shorthand >>
(babel)             in language  on input line 4.
Package babel Info: Redefining spanish shorthand "=
(babel)             in language  on input line 4.
Package babel Info: Redefining spanish shorthand "~
(babel)             in language  on input line 4.
Package babel Info: Redefining spanish shorthand "!
(babel)             in language  on input line 4.
Package babel Info: Redefining spanish shorthand "?
(babel)             in language  on input line 4.
Package babel Info: Redefining spanish shorthand <<
(babel)             in language  on input line 13.
Package babel Info: Redefining spanish shorthand >>
(babel)             in language  on input line 13.
Package babel Info: Redefining spanish shorthand "=
(babel)             in language  on input line 13.
Package babel Info: Redefining spanish shorthand "~
(babel)             in language  on input line 13.
Package babel Info: Redefining spanish shorthand "!
(babel)             in language  on input line 13.
Package babel Info: Redefining spanish shorthand "?
(babel)             in language  on input line 13.
Package babel Info: Redefining spanish shorthand <<
(babel)             in language  on input line 16.
Package babel Info: Redefining spanish shorthand >>
(babel)             in language  on input line 16.
Package babel Info: Redefining spanish shorthand "=
(babel)             in language  on input line 16.
Package babel Info: Redefining spanish shorthand "~
(babel)             in language  on input line 16.
Package babel Info: Redefining spanish shorthand "!
(babel)             in language  on input line 16.
Package babel Info: Redefining spanish shorthand "?
(babel)             in language  on input line 16.
Package babel Info: Redefining spanish shorthand <<
(babel)             in language  on input line 16.
Package babel Info: Redefining spanish shorthand >>
(babel)             in language  on input line 16.
Package babel Info: Redefining spanish shorthand "=
(babel)             in language  on input line 16.
Package babel Info: Redefining spanish shorthand "~
(babel)             in language  on input line 16.
Package babel Info: Redefining spanish shorthand "!
(babel)             in language  on input line 16.
Package babel Info: Redefining spanish shorthand "?
(babel)             in language  on input line 16.
[14



]
Package babel Info: Redefining spanish shorthand <<
(babel)             in language  on input line 24.
Package babel Info: Redefining spanish shorthand >>
(babel)             in language  on input line 24.
Package babel Info: Redefining spanish shorthand "=
(babel)             in language  on input line 24.
Package babel Info: Redefining spanish shorthand "~
(babel)             in language  on input line 24.
Package babel Info: Redefining spanish shorthand "!
(babel)             in language  on input line 24.
Package babel Info: Redefining spanish shorthand "?
(babel)             in language  on input line 24.
<figures/desarrolloespiral.png, id=154, 418.56375pt x 313.17pt>
File: figures/desarrolloespiral.png Graphic file (type png)
<use figures/desarrolloespiral.png>
Package pdftex.def Info: figures/desarrolloespiral.png  used on input line 28.
(pdftex.def)             Requested size: 364.19667pt x 272.48914pt.
Package babel Info: Redefining spanish shorthand <<
(babel)             in language  on input line 33.
Package babel Info: Redefining spanish shorthand >>
(babel)             in language  on input line 33.
Package babel Info: Redefining spanish shorthand "=
(babel)             in language  on input line 33.
Package babel Info: Redefining spanish shorthand "~
(babel)             in language  on input line 33.
Package babel Info: Redefining spanish shorthand "!
(babel)             in language  on input line 33.
Package babel Info: Redefining spanish shorthand "?
(babel)             in language  on input line 33.
Package babel Info: Redefining spanish shorthand <<
(babel)             in language  on input line 33.
Package babel Info: Redefining spanish shorthand >>
(babel)             in language  on input line 33.
Package babel Info: Redefining spanish shorthand "=
(babel)             in language  on input line 33.
Package babel Info: Redefining spanish shorthand "~
(babel)             in language  on input line 33.
Package babel Info: Redefining spanish shorthand "!
(babel)             in language  on input line 33.
Package babel Info: Redefining spanish shorthand "?
(babel)             in language  on input line 33.
 [15]
Package babel Info: Redefining spanish shorthand <<
(babel)             in language  on input line 43.
Package babel Info: Redefining spanish shorthand >>
(babel)             in language  on input line 43.
Package babel Info: Redefining spanish shorthand "=
(babel)             in language  on input line 43.
Package babel Info: Redefining spanish shorthand "~
(babel)             in language  on input line 43.
Package babel Info: Redefining spanish shorthand "!
(babel)             in language  on input line 43.
Package babel Info: Redefining spanish shorthand "?
(babel)             in language  on input line 43.
Package babel Info: Redefining spanish shorthand <<
(babel)             in language  on input line 43.
Package babel Info: Redefining spanish shorthand >>
(babel)             in language  on input line 43.
Package babel Info: Redefining spanish shorthand "=
(babel)             in language  on input line 43.
Package babel Info: Redefining spanish shorthand "~
(babel)             in language  on input line 43.
Package babel Info: Redefining spanish shorthand "!
(babel)             in language  on input line 43.
Package babel Info: Redefining spanish shorthand "?
(babel)             in language  on input line 43.
 [16 <./figures/desarrolloespiral.png>]
Package babel Info: Redefining spanish shorthand <<
(babel)             in language  on input line 44.
Package babel Info: Redefining spanish shorthand >>
(babel)             in language  on input line 44.
Package babel Info: Redefining spanish shorthand "=
(babel)             in language  on input line 44.
Package babel Info: Redefining spanish shorthand "~
(babel)             in language  on input line 44.
Package babel Info: Redefining spanish shorthand "!
(babel)             in language  on input line 44.
Package babel Info: Redefining spanish shorthand "?
(babel)             in language  on input line 44.
Package babel Info: Redefining spanish shorthand <<
(babel)             in language  on input line 58.
Package babel Info: Redefining spanish shorthand >>
(babel)             in language  on input line 58.
Package babel Info: Redefining spanish shorthand "=
(babel)             in language  on input line 58.
Package babel Info: Redefining spanish shorthand "~
(babel)             in language  on input line 58.
Package babel Info: Redefining spanish shorthand "!
(babel)             in language  on input line 58.
Package babel Info: Redefining spanish shorthand "?
(babel)             in language  on input line 58.
Package babel Info: Redefining spanish shorthand <<
(babel)             in language  on input line 58.
Package babel Info: Redefining spanish shorthand >>
(babel)             in language  on input line 58.
Package babel Info: Redefining spanish shorthand "=
(babel)             in language  on input line 58.
Package babel Info: Redefining spanish shorthand "~
(babel)             in language  on input line 58.
Package babel Info: Redefining spanish shorthand "!
(babel)             in language  on input line 58.
Package babel Info: Redefining spanish shorthand "?
(babel)             in language  on input line 58.
 [17])
Package babel Info: Redefining spanish shorthand <<
(babel)             in language  on input line 125.
Package babel Info: Redefining spanish shorthand >>
(babel)             in language  on input line 125.
Package babel Info: Redefining spanish shorthand "=
(babel)             in language  on input line 125.
Package babel Info: Redefining spanish shorthand "~
(babel)             in language  on input line 125.
Package babel Info: Redefining spanish shorthand "!
(babel)             in language  on input line 125.
Package babel Info: Redefining spanish shorthand "?
(babel)             in language  on input line 125.
Package babel Info: Redefining spanish shorthand <<
(babel)             in language  on input line 125.
Package babel Info: Redefining spanish shorthand >>
(babel)             in language  on input line 125.
Package babel Info: Redefining spanish shorthand "=
(babel)             in language  on input line 125.
Package babel Info: Redefining spanish shorthand "~
(babel)             in language  on input line 125.
Package babel Info: Redefining spanish shorthand "!
(babel)             in language  on input line 125.
Package babel Info: Redefining spanish shorthand "?
(babel)             in language  on input line 125.
 [18]
\openout2 = `3-Infraestructura.aux'.


(./3-Infraestructura.tex
Cap\'{\i }tulo 3.
Package babel Info: Redefining spanish shorthand <<
(babel)             in language  on input line 1.
Package babel Info: Redefining spanish shorthand >>
(babel)             in language  on input line 1.
Package babel Info: Redefining spanish shorthand "=
(babel)             in language  on input line 1.
Package babel Info: Redefining spanish shorthand "~
(babel)             in language  on input line 1.
Package babel Info: Redefining spanish shorthand "!
(babel)             in language  on input line 1.
Package babel Info: Redefining spanish shorthand "?
(babel)             in language  on input line 1.
Package babel Info: Redefining spanish shorthand <<
(babel)             in language  on input line 4.
Package babel Info: Redefining spanish shorthand >>
(babel)             in language  on input line 4.
Package babel Info: Redefining spanish shorthand "=
(babel)             in language  on input line 4.
Package babel Info: Redefining spanish shorthand "~
(babel)             in language  on input line 4.
Package babel Info: Redefining spanish shorthand "!
(babel)             in language  on input line 4.
Package babel Info: Redefining spanish shorthand "?
(babel)             in language  on input line 4.
Package babel Info: Redefining spanish shorthand <<
(babel)             in language  on input line 10.
Package babel Info: Redefining spanish shorthand >>
(babel)             in language  on input line 10.
Package babel Info: Redefining spanish shorthand "=
(babel)             in language  on input line 10.
Package babel Info: Redefining spanish shorthand "~
(babel)             in language  on input line 10.
Package babel Info: Redefining spanish shorthand "!
(babel)             in language  on input line 10.
Package babel Info: Redefining spanish shorthand "?
(babel)             in language  on input line 10.
Package babel Info: Redefining spanish shorthand <<
(babel)             in language  on input line 10.
Package babel Info: Redefining spanish shorthand >>
(babel)             in language  on input line 10.
Package babel Info: Redefining spanish shorthand "=
(babel)             in language  on input line 10.
Package babel Info: Redefining spanish shorthand "~
(babel)             in language  on input line 10.
Package babel Info: Redefining spanish shorthand "!
(babel)             in language  on input line 10.
Package babel Info: Redefining spanish shorthand "?
(babel)             in language  on input line 10.
[19



]
Package babel Info: Redefining spanish shorthand <<
(babel)             in language  on input line 17.
Package babel Info: Redefining spanish shorthand >>
(babel)             in language  on input line 17.
Package babel Info: Redefining spanish shorthand "=
(babel)             in language  on input line 17.
Package babel Info: Redefining spanish shorthand "~
(babel)             in language  on input line 17.
Package babel Info: Redefining spanish shorthand "!
(babel)             in language  on input line 17.
Package babel Info: Redefining spanish shorthand "?
(babel)             in language  on input line 17.
Package babel Info: Redefining spanish shorthand <<
(babel)             in language  on input line 21.
Package babel Info: Redefining spanish shorthand >>
(babel)             in language  on input line 21.
Package babel Info: Redefining spanish shorthand "=
(babel)             in language  on input line 21.
Package babel Info: Redefining spanish shorthand "~
(babel)             in language  on input line 21.
Package babel Info: Redefining spanish shorthand "!
(babel)             in language  on input line 21.
Package babel Info: Redefining spanish shorthand "?
(babel)             in language  on input line 21.
Package babel Info: Redefining spanish shorthand <<
(babel)             in language  on input line 21.
Package babel Info: Redefining spanish shorthand >>
(babel)             in language  on input line 21.
Package babel Info: Redefining spanish shorthand "=
(babel)             in language  on input line 21.
Package babel Info: Redefining spanish shorthand "~
(babel)             in language  on input line 21.
Package babel Info: Redefining spanish shorthand "!
(babel)             in language  on input line 21.
Package babel Info: Redefining spanish shorthand "?
(babel)             in language  on input line 21.
 [20]
<figures/publicadorsubscriptor.png, id=222, 211.992pt x 66.4884pt>
File: figures/publicadorsubscriptor.png Graphic file (type png)
<use figures/publicadorsubscriptor.png>
Package pdftex.def Info: figures/publicadorsubscriptor.png  used on input line 
26.
(pdftex.def)             Requested size: 364.19667pt x 114.23708pt.
<figures/serviciosros.png, id=223, 204.765pt x 81.4242pt>
File: figures/serviciosros.png Graphic file (type png)
<use figures/serviciosros.png>
Package pdftex.def Info: figures/serviciosros.png  used on input line 36.
(pdftex.def)             Requested size: 364.19667pt x 144.83148pt.
Package babel Info: Redefining spanish shorthand <<
(babel)             in language  on input line 43.
Package babel Info: Redefining spanish shorthand >>
(babel)             in language  on input line 43.
Package babel Info: Redefining spanish shorthand "=
(babel)             in language  on input line 43.
Package babel Info: Redefining spanish shorthand "~
(babel)             in language  on input line 43.
Package babel Info: Redefining spanish shorthand "!
(babel)             in language  on input line 43.
Package babel Info: Redefining spanish shorthand "?
(babel)             in language  on input line 43.
Package babel Info: Redefining spanish shorthand <<
(babel)             in language  on input line 43.
Package babel Info: Redefining spanish shorthand >>
(babel)             in language  on input line 43.
Package babel Info: Redefining spanish shorthand "=
(babel)             in language  on input line 43.
Package babel Info: Redefining spanish shorthand "~
(babel)             in language  on input line 43.
Package babel Info: Redefining spanish shorthand "!
(babel)             in language  on input line 43.
Package babel Info: Redefining spanish shorthand "?
(babel)             in language  on input line 43.
 [21 <./figures/publicadorsubscriptor.png> <./figures/serviciosros.png>]
Package babel Info: Redefining spanish shorthand <<
(babel)             in language  on input line 44.
Package babel Info: Redefining spanish shorthand >>
(babel)             in language  on input line 44.
Package babel Info: Redefining spanish shorthand "=
(babel)             in language  on input line 44.
Package babel Info: Redefining spanish shorthand "~
(babel)             in language  on input line 44.
Package babel Info: Redefining spanish shorthand "!
(babel)             in language  on input line 44.
Package babel Info: Redefining spanish shorthand "?
(babel)             in language  on input line 44.
<figures/estructurarosbridge.png, id=234, 694.595pt x 301.125pt>
File: figures/estructurarosbridge.png Graphic file (type png)
<use figures/estructurarosbridge.png>
Package pdftex.def Info: figures/estructurarosbridge.png  used on input line 53
.
(pdftex.def)             Requested size: 364.19667pt x 157.8954pt.
Package babel Info: Redefining spanish shorthand <<
(babel)             in language  on input line 58.
Package babel Info: Redefining spanish shorthand >>
(babel)             in language  on input line 58.
Package babel Info: Redefining spanish shorthand "=
(babel)             in language  on input line 58.
Package babel Info: Redefining spanish shorthand "~
(babel)             in language  on input line 58.
Package babel Info: Redefining spanish shorthand "!
(babel)             in language  on input line 58.
Package babel Info: Redefining spanish shorthand "?
(babel)             in language  on input line 58.
Package babel Info: Redefining spanish shorthand <<
(babel)             in language  on input line 58.
Package babel Info: Redefining spanish shorthand >>
(babel)             in language  on input line 58.
Package babel Info: Redefining spanish shorthand "=
(babel)             in language  on input line 58.
Package babel Info: Redefining spanish shorthand "~
(babel)             in language  on input line 58.
Package babel Info: Redefining spanish shorthand "!
(babel)             in language  on input line 58.
Package babel Info: Redefining spanish shorthand "?
(babel)             in language  on input line 58.
 [22]
Package babel Info: Redefining spanish shorthand <<
(babel)             in language  on input line 59.
Package babel Info: Redefining spanish shorthand >>
(babel)             in language  on input line 59.
Package babel Info: Redefining spanish shorthand "=
(babel)             in language  on input line 59.
Package babel Info: Redefining spanish shorthand "~
(babel)             in language  on input line 59.
Package babel Info: Redefining spanish shorthand "!
(babel)             in language  on input line 59.
Package babel Info: Redefining spanish shorthand "?
(babel)             in language  on input line 59.
<figures/estructuraice.png, id=242, 429.10312pt x 218.31563pt>
File: figures/estructuraice.png Graphic file (type png)
<use figures/estructuraice.png>
Package pdftex.def Info: figures/estructuraice.png  used on input line 64.
(pdftex.def)             Requested size: 364.19667pt x 185.29597pt.
Package babel Info: Redefining spanish shorthand <<
(babel)             in language  on input line 71.
Package babel Info: Redefining spanish shorthand >>
(babel)             in language  on input line 71.
Package babel Info: Redefining spanish shorthand "=
(babel)             in language  on input line 71.
Package babel Info: Redefining spanish shorthand "~
(babel)             in language  on input line 71.
Package babel Info: Redefining spanish shorthand "!
(babel)             in language  on input line 71.
Package babel Info: Redefining spanish shorthand "?
(babel)             in language  on input line 71.
Package babel Info: Redefining spanish shorthand <<
(babel)             in language  on input line 71.
Package babel Info: Redefining spanish shorthand >>
(babel)             in language  on input line 71.
Package babel Info: Redefining spanish shorthand "=
(babel)             in language  on input line 71.
Package babel Info: Redefining spanish shorthand "~
(babel)             in language  on input line 71.
Package babel Info: Redefining spanish shorthand "!
(babel)             in language  on input line 71.
Package babel Info: Redefining spanish shorthand "?
(babel)             in language  on input line 71.
 [23 <./figures/estructurarosbridge.png> <./figures/estructuraice.png>]
Package babel Info: Redefining spanish shorthand <<
(babel)             in language  on input line 74.
Package babel Info: Redefining spanish shorthand >>
(babel)             in language  on input line 74.
Package babel Info: Redefining spanish shorthand "=
(babel)             in language  on input line 74.
Package babel Info: Redefining spanish shorthand "~
(babel)             in language  on input line 74.
Package babel Info: Redefining spanish shorthand "!
(babel)             in language  on input line 74.
Package babel Info: Redefining spanish shorthand "?
(babel)             in language  on input line 74.
)
Package babel Info: Redefining spanish shorthand <<
(babel)             in language  on input line 127.
Package babel Info: Redefining spanish shorthand >>
(babel)             in language  on input line 127.
Package babel Info: Redefining spanish shorthand "=
(babel)             in language  on input line 127.
Package babel Info: Redefining spanish shorthand "~
(babel)             in language  on input line 127.
Package babel Info: Redefining spanish shorthand "!
(babel)             in language  on input line 127.
Package babel Info: Redefining spanish shorthand "?
(babel)             in language  on input line 127.
Package babel Info: Redefining spanish shorthand <<
(babel)             in language  on input line 127.
Package babel Info: Redefining spanish shorthand >>
(babel)             in language  on input line 127.
Package babel Info: Redefining spanish shorthand "=
(babel)             in language  on input line 127.
Package babel Info: Redefining spanish shorthand "~
(babel)             in language  on input line 127.
Package babel Info: Redefining spanish shorthand "!
(babel)             in language  on input line 127.
Package babel Info: Redefining spanish shorthand "?
(babel)             in language  on input line 127.
[24]
\openout2 = `4-Visores.aux'.

 (./4-Visores.tex
Cap\'{\i }tulo 4.
Package babel Info: Redefining spanish shorthand <<
(babel)             in language  on input line 1.
Package babel Info: Redefining spanish shorthand >>
(babel)             in language  on input line 1.
Package babel Info: Redefining spanish shorthand "=
(babel)             in language  on input line 1.
Package babel Info: Redefining spanish shorthand "~
(babel)             in language  on input line 1.
Package babel Info: Redefining spanish shorthand "!
(babel)             in language  on input line 1.
Package babel Info: Redefining spanish shorthand "?
(babel)             in language  on input line 1.
)
Package babel Info: Redefining spanish shorthand <<
(babel)             in language  on input line 129.
Package babel Info: Redefining spanish shorthand >>
(babel)             in language  on input line 129.
Package babel Info: Redefining spanish shorthand "=
(babel)             in language  on input line 129.
Package babel Info: Redefining spanish shorthand "~
(babel)             in language  on input line 129.
Package babel Info: Redefining spanish shorthand "!
(babel)             in language  on input line 129.
Package babel Info: Redefining spanish shorthand "?
(babel)             in language  on input line 129.
Package babel Info: Redefining spanish shorthand <<
(babel)             in language  on input line 129.
Package babel Info: Redefining spanish shorthand >>
(babel)             in language  on input line 129.
Package babel Info: Redefining spanish shorthand "=
(babel)             in language  on input line 129.
Package babel Info: Redefining spanish shorthand "~
(babel)             in language  on input line 129.
Package babel Info: Redefining spanish shorthand "!
(babel)             in language  on input line 129.
Package babel Info: Redefining spanish shorthand "?
(babel)             in language  on input line 129.
 [25



]
\openout2 = `5-Camserver.aux'.

 (./5-Camserver.tex
Cap\'{\i }tulo 5.
Package babel Info: Redefining spanish shorthand <<
(babel)             in language  on input line 1.
Package babel Info: Redefining spanish shorthand >>
(babel)             in language  on input line 1.
Package babel Info: Redefining spanish shorthand "=
(babel)             in language  on input line 1.
Package babel Info: Redefining spanish shorthand "~
(babel)             in language  on input line 1.
Package babel Info: Redefining spanish shorthand "!
(babel)             in language  on input line 1.
Package babel Info: Redefining spanish shorthand "?
(babel)             in language  on input line 1.
)
Package babel Info: Redefining spanish shorthand <<
(babel)             in language  on input line 131.
Package babel Info: Redefining spanish shorthand >>
(babel)             in language  on input line 131.
Package babel Info: Redefining spanish shorthand "=
(babel)             in language  on input line 131.
Package babel Info: Redefining spanish shorthand "~
(babel)             in language  on input line 131.
Package babel Info: Redefining spanish shorthand "!
(babel)             in language  on input line 131.
Package babel Info: Redefining spanish shorthand "?
(babel)             in language  on input line 131.
Package babel Info: Redefining spanish shorthand <<
(babel)             in language  on input line 131.
Package babel Info: Redefining spanish shorthand >>
(babel)             in language  on input line 131.
Package babel Info: Redefining spanish shorthand "=
(babel)             in language  on input line 131.
Package babel Info: Redefining spanish shorthand "~
(babel)             in language  on input line 131.
Package babel Info: Redefining spanish shorthand "!
(babel)             in language  on input line 131.
Package babel Info: Redefining spanish shorthand "?
(babel)             in language  on input line 131.
 [26



]
\openout2 = `6-Visor3D.aux'.


No file 6-Visor3D.tex.
\openout2 = `7-Conclusiones.aux'.

(./7-Conclusiones.tex
Cap\'{\i }tulo 6.
Package babel Info: Redefining spanish shorthand <<
(babel)             in language  on input line 1.
Package babel Info: Redefining spanish shorthand >>
(babel)             in language  on input line 1.
Package babel Info: Redefining spanish shorthand "=
(babel)             in language  on input line 1.
Package babel Info: Redefining spanish shorthand "~
(babel)             in language  on input line 1.
Package babel Info: Redefining spanish shorthand "!
(babel)             in language  on input line 1.
Package babel Info: Redefining spanish shorthand "?
(babel)             in language  on input line 1.
)
Package babel Info: Redefining spanish shorthand <<
(babel)             in language  on input line 135.
Package babel Info: Redefining spanish shorthand >>
(babel)             in language  on input line 135.
Package babel Info: Redefining spanish shorthand "=
(babel)             in language  on input line 135.
Package babel Info: Redefining spanish shorthand "~
(babel)             in language  on input line 135.
Package babel Info: Redefining spanish shorthand "!
(babel)             in language  on input line 135.
Package babel Info: Redefining spanish shorthand "?
(babel)             in language  on input line 135.
Package babel Info: Redefining spanish shorthand <<
(babel)             in language  on input line 135.
Package babel Info: Redefining spanish shorthand >>
(babel)             in language  on input line 135.
Package babel Info: Redefining spanish shorthand "=
(babel)             in language  on input line 135.
Package babel Info: Redefining spanish shorthand "~
(babel)             in language  on input line 135.
Package babel Info: Redefining spanish shorthand "!
(babel)             in language  on input line 135.
Package babel Info: Redefining spanish shorthand "?
(babel)             in language  on input line 135.
 [27





]
\openout2 = `8-Bibliografia.aux'.

 (./8-Bibliografia.tex
No file Memoria.bbl.
Package babel Info: Redefining spanish shorthand <<
(babel)             in language  on input line 3.
Package babel Info: Redefining spanish shorthand >>
(babel)             in language  on input line 3.
Package babel Info: Redefining spanish shorthand "=
(babel)             in language  on input line 3.
Package babel Info: Redefining spanish shorthand "~
(babel)             in language  on input line 3.
Package babel Info: Redefining spanish shorthand "!
(babel)             in language  on input line 3.
Package babel Info: Redefining spanish shorthand "?
(babel)             in language  on input line 3.
)

Package glossaries Warning: No \printglossary or \printglossaries found. 
(Remove \makeglossaries if you don't want any glossaries.) 
This document will not have a glossary.

Package atveryend Info: Empty hook `BeforeClearDocument' on input line 142.
Package atveryend Info: Empty hook `AfterLastShipout' on input line 142.
(./Memoria.aux (./0-Portada.aux)
LaTeX Info: Redefining \. on input line 32.
LaTeX Info: Redefining \% on input line 32.
 (./0-Agradecimientos.aux) (./0-Resumen.aux)
(./1-Introduccion.aux) (./2-Objetivos.aux) (./3-Infraestructura.aux)
(./4-Visores.aux) (./5-Camserver.aux) (./6-Visor3D.aux) (./7-Conclusiones.aux)
(./8-Bibliografia.aux))
Package atveryend Info: Executing hook `AtVeryEndDocument' on input line 142.
Package atveryend Info: Executing hook `AtEndAfterFileList' on input line 142.


Package rerunfilecheck Warning: File `Memoria.out' has changed.
(rerunfilecheck)                Rerun to get outlines right
(rerunfilecheck)                or use package `bookmark'.

Package rerunfilecheck Info: Checksums for `Memoria.out':
(rerunfilecheck)             Before: D41D8CD98F00B204E9800998ECF8427E;0
(rerunfilecheck)             After:  D254878FEB8D9A8929817E3A7689803F;2239.

LaTeX Warning: Label(s) may have changed. Rerun to get cross-references right.

Package atveryend Info: Empty hook `AtVeryVeryEnd' on input line 142.
 ) 
Here is how much of TeX's memory you used:
 18281 strings out of 492649
 294488 string characters out of 6129622
 558034 words of memory out of 5000000
 21662 multiletter control sequences out of 15000+600000
 84016 words of font info for 55 fonts, out of 8000000 for 9000
 1141 hyphenation exceptions out of 8191
 45i,12n,79p,1987b,484s stack positions out of 5000i,500n,10000p,200000b,80000s
{/usr/local/texlive/2018/texmf-dist/fonts/enc/dvips/lm/lm-ec.enc}</usr/local/
texlive/2018/texmf-dist/fonts/type1/public/lm/lmbx12.pfb></usr/local/texlive/20
18/texmf-dist/fonts/type1/public/lm/lmr12.pfb></usr/local/texlive/2018/texmf-di
st/fonts/type1/public/lm/lmr17.pfb></usr/local/texlive/2018/texmf-dist/fonts/ty
pe1/public/lm/lmr7.pfb></usr/local/texlive/2018/texmf-dist/fonts/type1/public/l
m/lmr8.pfb></usr/local/texlive/2018/texmf-dist/fonts/type1/public/lm/lmri12.pfb
></usr/local/texlive/2018/texmf-dist/fonts/type1/public/lm/lmss12.pfb></usr/loc
al/texlive/2018/texmf-dist/fonts/type1/public/lm/lmss17.pfb></usr/local/texlive
/2018/texmf-dist/fonts/type1/public/lm/lmssbx10.pfb></usr/local/texlive/2018/te
xmf-dist/fonts/type1/public/lm/lmtt10.pfb>
Output written on Memoria.pdf (29 pages, 1369048 bytes).
PDF statistics:
 338 PDF objects out of 1000 (max. 8388607)
 278 compressed objects within 3 object streams
 109 named destinations out of 1000 (max. 500000)
 51 words of extra memory for PDF output out of 10000 (max. 10000000)

